IQ-TREE multicore version 2.3.4 COVID-edition for Linux x86 64-bit built Jun 18 2024
Developed by Bui Quang Minh, James Barbetti, Nguyen Lam Tung, Olga Chernomor,
Heiko Schmidt, Dominik Schrempf, Michael Woodhams, Ly Trong Nhan, Thomas Wong

Host:    stark12-server (AVX2, FMA3, 2003 GB RAM)
Command: iqtree -s alignment.fasta -m GTR+G -bb 1000 -nt 8
Seed:    343817 (Using SPRNG - Scalable Parallel Random Number Generator)
Time:    Thu Jun 20 20:20:22 2024
Kernel:  AVX+FMA - 8 threads (256 CPU cores detected)

Reading alignment file alignment.fasta ... Fasta format detected
Reading fasta file: done in 0.0159914 secs using 99.95% CPU
Alignment most likely contains DNA/RNA sequences
WARNING: 1 sites contain only gaps or ambiguous characters.
Alignment has 428 sequences with 1806 columns, 1684 distinct patterns
1430 parsimony-informative, 151 singleton sites, 225 constant sites
                                 Gap/Ambiguity  Composition  p-value
Analyzing sequences: done in 0.000424166 secs using 1166% CPU
   1  gi|1821233855|gb|MT193412.1|      16.22%    passed     92.23%
   2  gi|1407422688|gb|KT122326.1|      15.34%    passed     96.03%
   3  gi|1407422658|gb|KT122296.1|      15.34%    passed     75.28%
   4  gi|1407422572|gb|KT122210.1|      14.95%    passed     54.39%
   5  gi|1407422556|gb|KT122194.1|      15.56%    passed     60.67%
   6  gi|1407422542|gb|KT122180.1|      15.73%    passed     60.53%
   7  gi|1407422501|gb|KT122139.1|      15.67%    passed     77.82%
   8  gi|1407422494|gb|KT122132.1|      15.06%    passed     64.02%
   9  gi|1407422488|gb|KT122126.1|      15.50%    passed     58.96%
  10  gi|224496750|gb|FJ745059.1|       23.75%    passed     98.64%
  11  gi|224496738|gb|FJ745047.1|       23.75%    passed     87.82%
  12  gi|224496677|gb|FJ744986.1|       25.64%    passed     98.63%
  13  gi|224496632|gb|FJ744941.1|       23.64%    passed     44.30%
  14  gi|224496454|gb|FJ744763.1|       24.09%    passed     96.27%
  15  gi|290565106|gb|GU552210.1|       54.04%    passed     37.28%
  16  gi|290565066|gb|GU552170.1|       48.95%    passed     42.06%
  17  gi|134021608|gb|EF020184.1|       22.15%    passed     99.42%
  18  gi|134021538|gb|EF020114.1|       21.87%    passed     92.30%
  19  gi|134021503|gb|EF020079.1|       21.54%    passed     99.16%
  20  gi|134021112|gb|EF019688.1|       21.87%    passed     98.95%
  21  gi|134020911|gb|EF019487.1|       21.48%    passed     97.66%
  22  gi|134020861|gb|EF019437.1|       21.87%    passed     97.35%
  23  gi|134020553|gb|EF019129.1|       22.09%    passed     97.41%
  24  gi|134020550|gb|EF019126.1|       21.71%    passed     99.24%
  25  gi|134020545|gb|EF019121.1|       23.09%    passed     95.03%
  26  gi|134020483|gb|EF019059.1|       23.53%    passed     76.39%
  27  gi|134020429|gb|EF019005.1|       21.93%    passed     98.79%
  28  gi|134020346|gb|EF018922.1|       21.93%    passed     96.35%
  29  gi|134020300|gb|EF018876.1|       24.81%    passed     90.41%
  30  gi|134020279|gb|EF018855.1|       21.93%    passed     98.79%
  31  gi|134020232|gb|EF018808.1|       21.82%    passed     89.68%
  32  gi|134020192|gb|EF018768.1|       21.93%    passed     96.18%
  33  gi|134020190|gb|EF018766.1|       23.31%    passed     92.72%
  34  gi|134020095|gb|EF018671.1|       21.87%    passed     89.16%
  35  gi|134020012|gb|EF018588.1|       21.87%    passed     89.16%
  36  gi|134020006|gb|EF018582.1|       22.26%    passed     56.50%
  37  gi|134019981|gb|EF018557.1|       21.98%    passed     93.52%
  38  gi|134019948|gb|EF018524.1|       21.98%    passed     85.31%
  39  gi|134019936|gb|EF018512.1|       21.87%    passed     96.25%
  40  gi|134019934|gb|EF018510.1|       22.09%    passed     87.88%
  41  gi|134019908|gb|EF018484.1|       21.82%    passed     93.91%
  42  gi|134019906|gb|EF018482.1|       21.87%    passed     67.03%
  43  gi|134019896|gb|EF018472.1|       21.98%    passed     77.18%
  44  gi|134019891|gb|EF018467.1|       22.15%    passed     97.93%
  45  gi|134019839|gb|EF018415.1|       19.10%    passed     91.63%
  46  gi|134019838|gb|EF018414.1|       21.87%    passed     97.58%
  47  gi|134019836|gb|EF018412.1|       21.87%    passed     92.82%
  48  gi|134019832|gb|EF018408.1|       21.87%    passed     97.58%
  49  gi|134019726|gb|EF018302.1|       22.04%    passed     95.17%
  50  gi|134019683|gb|EF018259.1|       21.82%    passed     99.34%
  51  gi|134019650|gb|EF018226.1|       21.82%    passed     95.12%
  52  gi|134019580|gb|EF018156.1|       21.82%    passed     97.12%
  53  gi|18151423|dbj|AB077355.1|       46.51%    passed     40.74%
  54  gi|342357819|gb|JN233107.1|       18.94%    passed     94.36%
  55  gi|2642122716|dbj|LC792610.1|     19.16%    passed     87.75%
  56  gi|68159926|gb|DQ084319.1|        54.98%    passed     64.16%
  57  gi|68159925|gb|DQ084318.1|        53.99%    passed     27.74%
  58  gi|68159917|gb|DQ084310.1|        53.71%    passed     37.86%
  59  gi|68159914|gb|DQ084307.1|        54.87%    passed     45.50%
  60  gi|68159913|gb|DQ084306.1|        52.77%    passed     14.38%
  61  gi|68159910|gb|DQ084303.1|        52.88%    failed      3.38%
  62  gi|68159885|gb|DQ084278.1|        53.88%    passed     36.10%
  63  gi|68159879|gb|DQ084272.1|        53.49%    passed     82.68%
  64  gi|914047482|dbj|LC071790.1|      21.10%    passed     58.50%
  65  gi|772519785|gb|KP713739.1|       61.30%    passed     49.53%
  66  gi|772519784|gb|KP713738.1|       61.74%    passed     52.05%
  67  gi|513798112|gb|KF001583.1|       50.00%    passed     84.57%
  68  gi|513798101|gb|KF001572.1|       49.45%    passed     78.68%
  69  gi|425917045|gb|JX647706.1|       16.94%    passed     98.95%
  70  gi|312861082|gb|HM750130.1|       51.16%    passed     47.19%
  71  gi|312861030|gb|HM750078.1|       42.41%    passed     88.20%
  72  gi|312861021|gb|HM750069.1|       42.41%    passed     66.08%
  73  gi|385867415|gb|JQ772322.1|       62.90%    passed     80.68%
  74  gi|385867389|gb|JQ772296.1|       61.85%    passed     77.63%
  75  gi|385867372|gb|JQ772279.1|       62.90%    passed     84.57%
  76  gi|385867279|gb|JQ772232.1|       64.56%    passed     75.53%
  77  gi|186926493|gb|EU635440.1|       55.76%    passed     78.10%
  78  gi|186926469|gb|EU635416.1|       56.81%    passed     90.27%
  79  gi|186926206|gb|EU635153.1|       56.37%    passed     67.12%
  80  gi|186926205|gb|EU635152.1|       56.81%    passed     94.91%
  81  gi|186925989|gb|EU634936.1|       57.25%    passed     53.65%
  82  gi|186925968|gb|EU634915.1|       57.25%    passed     55.10%
  83  gi|186925927|gb|EU634874.1|       55.76%    passed     95.23%
  84  gi|186925682|gb|EU634629.1|       56.26%    passed     61.55%
  85  gi|186925674|gb|EU634621.1|       55.81%    passed     82.28%
  86  gi|186923713|gb|EU632660.1|       65.84%    passed     24.08%
  87  gi|186923008|gb|EU631955.1|       56.48%    passed     53.97%
  88  gi|186923007|gb|EU631954.1|       56.26%    passed     61.55%
  89  gi|186923006|gb|EU631953.1|       57.09%    passed     76.63%
  90  gi|328835083|gb|JF508322.1|       59.36%    passed     26.49%
  91  gi|328835072|gb|JF508311.1|       58.80%    passed     48.28%
  92  gi|328835068|gb|JF508307.1|       58.58%    passed     18.48%
  93  gi|328835056|gb|JF508295.1|       59.08%    passed     58.21%
  94  gi|328835048|gb|JF508287.1|       58.97%    passed     34.54%
  95  gi|328835035|gb|JF508274.1|       58.47%    passed     35.27%
  96  gi|254558415|gb|GQ287495.1|       43.47%    passed     97.76%
  97  gi|254558395|gb|GQ287475.1|       42.80%    passed     98.16%
  98  gi|254558379|gb|GQ287459.1|       42.58%    passed     84.68%
  99  gi|151655714|gb|EU012249.1|       41.75%    passed     79.43%
 100  gi|258598435|gb|GQ453254.1|       51.66%    passed     57.64%
 101  gi|258598315|gb|GQ453134.1|       51.83%    passed     99.54%
 102  gi|258598216|gb|GQ453035.1|       51.66%    passed     58.96%
 103  gi|212725331|gb|FJ405899.1|       50.55%    passed     58.81%
 104  gi|212725320|gb|FJ405888.1|       17.11%    passed      7.14%
 105  gi|175940840|gb|EU530165.1|       48.23%    passed     45.61%
 106  gi|167405787|gb|EU418487.1|       66.45%    passed     82.03%
 107  gi|167405776|gb|EU418476.1|       60.91%    passed     55.36%
 108  gi|157704194|gb|EU019404.1|       66.56%    passed     57.90%
 109  gi|150964933|gb|AY874111.2|       39.87%    passed     78.18%
 110  gi|150964914|gb|AY874089.2|       41.86%    passed     53.29%
 111  gi|110747096|gb|DQ811931.1|       16.50%    passed     23.04%
 112  gi|110747095|gb|DQ811930.1|       13.79%    passed     49.99%
 113  gi|109727766|gb|DQ648947.1|       34.66%    passed     96.99%
 114  gi|109727765|gb|DQ648946.1|       34.88%    passed     86.10%
 115  gi|109727764|gb|DQ648945.1|       35.22%    passed     99.84%
 116  gi|109727763|gb|DQ648944.1|       34.83%    passed     92.01%
 117  gi|109727762|gb|DQ648943.1|       34.88%    passed     93.65%
 118  gi|109727761|gb|DQ648942.1|       34.72%    passed     84.39%
 119  gi|109727760|gb|DQ648941.1|       34.66%    passed     89.48%
 120  gi|109727759|gb|DQ648940.1|       35.88%    passed     59.12%
 121  gi|109727758|gb|DQ648939.1|       35.88%    passed     71.06%
 122  gi|89001548|gb|DQ395040.1|        16.00%    passed     44.73%
 123  gi|56410869|gb|AY222315.1|        15.17%    passed     18.98%
 124  gi|54398857|gb|AY632037.1|        63.07%    passed     18.12%
 125  gi|48773122|gb|AY628675.1|        62.74%    passed     50.11%
 126  gi|46560410|gb|AY534046.1|        58.97%    passed     39.63%
 127  gi|46560409|gb|AY534045.1|        59.08%    passed     45.34%
 128  gi|46560408|gb|AY534044.1|        59.69%    passed     41.37%
 129  gi|46560407|gb|AY534043.1|        59.03%    passed     38.37%
 130  gi|46560406|gb|AY534042.1|        61.35%    passed     73.03%
 131  gi|37959993|gb|AY254997.1|        59.03%    failed      4.98%
 132  gi|37959992|gb|AY254996.1|        17.83%    passed     67.94%
 133  gi|15212616|gb|AY038743.1|        66.06%    passed     85.16%
 134  gi|290752187|emb|FN646738.1|      48.89%    passed     33.51%
 135  gi|290752186|emb|FN646737.1|      49.11%    passed      7.13%
 136  gi|188011238|gb|EU682496.1|       23.64%    passed     56.64%
 137  gi|285026247|dbj|AB543685.1|      20.43%    passed     85.52%
 138  gi|285026246|dbj|AB543684.1|      19.55%    passed     81.50%
 139  gi|285026244|dbj|AB543682.1|      19.55%    passed     90.22%
 140  gi|285026243|dbj|AB543681.1|      19.66%    passed     40.69%
 141  gi|267288505|gb|GU112195.1|       15.50%    failed      0.01%
 142  gi|152002650|dbj|AB331894.1|      17.94%    passed     99.42%
 143  gi|152002648|dbj|AB331892.1|      18.55%    passed     99.90%
 144  gi|152002647|dbj|AB331891.1|      19.60%    passed     99.60%
 145  gi|152002643|dbj|AB331887.1|      18.05%    passed     87.81%
 146  gi|164598055|gb|EU372824.1|       46.07%    passed     59.06%
 147  gi|50659784|gb|AY678501.1|        63.68%    failed      0.43%
 148  gi|50659777|gb|AY678494.1|        64.40%    passed     59.83%
 149  gi|52083002|gb|AY743358.1|        53.99%    passed     99.23%
 150  gi|1498424|gb|U62853.1|UEU62853   46.01%    passed     78.90%
 151  gi|1498421|gb|U62850.1|UEU62850   47.79%    passed     74.39%
 152  gi|1498416|gb|U62845.1|UEU62845   45.51%    passed     79.06%
 153  gi|1498414|gb|U62843.1|UEU62843   47.23%    passed     85.30%
 154  gi|1498408|gb|U62837.1|UEU62837   48.62%    passed     83.29%
 155  gi|1498397|gb|U62826.1|UEU62826   48.50%    passed     74.39%
 156  gi|1498396|gb|U62825.1|UEU62825   49.00%    passed     98.56%
 157  gi|2204107|emb|Y07576.1|          15.39%    passed     93.50%
 158  gi|2740750754|gb|PP889714.1|      25.69%    passed     58.28%
 159  gi|2209039599|gb|ON006464.1|      20.82%    passed      8.49%
 160  gi|2701481242|gb|PP512788.1|      23.53%    passed     59.87%
 161  gi|2688961876|gb|PP406562.1|      65.78%    passed     45.84%
 162  gi|2528217863|gb|OR196971.1|      24.47%    passed     61.83%
 163  gi|2528217861|gb|OR196970.1|      42.36%    passed     18.47%
 164  gi|2528217859|gb|OR196969.1|      25.25%    passed     69.95%
 165  gi|1679775924|ref|NR_163646.1|    24.25%    passed     75.50%
 166  gi|662246210|gb|KJ721192.1|       24.25%    passed     75.50%
 167  gi|2409876143|gb|OP984820.1|      22.48%    passed     62.72%
 168  gi|2621112363|ref|NR_189267.1|    15.61%    passed     69.79%
 169  gi|2621112357|ref|NR_189261.1|    13.68%    passed      7.96%
 170  gi|2621112277|ref|NR_189180.1|    21.71%    passed     75.94%
 171  gi|2438344825|gb|OQ363319.1|      15.61%    passed     69.79%
 172  gi|2438344823|gb|OQ363318.1|      23.15%    passed     46.55%
 173  gi|2330562303|gb|OP858675.1|      13.29%    passed     11.28%
 174  gi|133930775|gb|EF127896.1|       21.71%    passed     75.94%
 175  gi|2569219079|gb|OR481939.1|      66.72%    passed     65.07%
 176  gi|2569219078|gb|OR481938.1|      66.72%    passed     63.91%
 177  gi|2552713098|gb|OR350785.1|      20.65%    passed     99.30%
 178  gi|2552712980|gb|OR350680.1|      20.65%    passed     99.30%
 179  gi|2552712974|gb|OR350674.1|      20.65%    passed     99.30%
 180  gi|2552712973|gb|OR350673.1|      20.65%    passed     99.30%
 181  gi|2552712967|gb|OR350667.1|      58.53%    passed     57.84%
 182  gi|2552712946|gb|OR350646.1|      59.19%    passed     56.50%
 183  gi|2510073629|gb|OR045534.1|      20.60%    passed     55.06%
 184  gi|2499326881|gb|OQ913416.1|      54.26%    passed     79.56%
 185  gi|2413992745|gb|OQ055083.1|      19.93%    passed     58.92%
 186  gi|2413992744|gb|OQ055082.1|      19.71%    passed     58.84%
 187  gi|2413992678|gb|OQ055017.1|      22.31%    passed     40.71%
 188  gi|2413992677|gb|OQ055016.1|      22.09%    passed     55.31%
 189  gi|2463901800|ref|NR_184615.1|    20.43%    passed     58.54%
 190  gi|2450068141|gb|OQ540538.1|      56.76%    passed     50.85%
 191  gi|2447450763|gb|OQ472337.1|      20.60%    passed     56.53%
 192  gi|2442650069|gb|OQ422736.1|      17.61%    passed     92.96%
 193  gi|2442650046|gb|OQ422713.1|      17.44%    passed     82.86%
 194  gi|2289591950|dbj|LC711105.1|     20.43%    passed     75.41%
 195  gi|2413736652|gb|OQ034132.1|      21.26%    passed     41.31%
 196  gi|2363086362|ref|NR_181433.1|    24.81%    passed     77.71%
 197  gi|2363085376|ref|NR_180936.1|    19.77%    passed     64.76%
 198  gi|2363084998|ref|NR_180747.1|    16.33%    passed     89.31%
 199  gi|2363084896|ref|NR_180696.1|    23.37%    passed     63.93%
 200  gi|2318648167|gb|OP672403.1|      18.22%    passed     13.26%
 201  gi|1994676320|gb|MW663766.1|      20.43%    passed     58.54%
 202  gi|2096375360|gb|OK182312.1|      47.67%    passed     78.29%
 203  gi|2096375305|gb|OK182257.1|      47.56%    passed     46.73%
 204  gi|2096375294|gb|OK182246.1|      47.79%    passed     83.80%
 205  gi|2096375278|gb|OK182230.1|      49.11%    failed      0.33%
 206  gi|2096375202|gb|OK182154.1|      47.56%    passed     58.21%
 207  gi|2096375053|gb|OK182005.1|      47.95%    passed     13.70%
 208  gi|2293332973|gb|OP344214.1|      24.92%    passed     93.65%
 209  gi|2259607770|gb|ON845537.1|      18.05%    passed     88.73%
 210  gi|2260349445|ref|NR_176527.1|    18.05%    passed     88.63%
 211  gi|2232487226|gb|ON385897.1|      56.09%    passed     78.46%
 212  gi|2180933987|gb|OM317068.1|      54.21%    passed     86.76%
 213  gi|2176218778|gb|OM219020.1|      14.29%    passed     71.39%
 214  gi|2163764033|gb|OL815028.1|      23.86%    passed     55.62%
 215  gi|2163764031|gb|OL815027.1|      24.81%    passed     50.15%
 216  gi|2163764029|gb|OL815026.1|      23.98%    passed     60.45%
 217  gi|2163764028|gb|OL815025.1|      23.70%    passed     63.76%
 218  gi|2163764026|gb|OL815024.1|      23.75%    passed     56.55%
 219  gi|2163764024|gb|OL815023.1|      23.86%    passed     53.14%
 220  gi|2136551614|ref|NR_173618.1|    16.56%    passed     45.86%
 221  gi|2129804677|gb|OL377901.1|      16.00%    passed     97.91%
 222  gi|1433046698|gb|MG799125.1|      18.05%    passed     88.63%
 223  gi|1789276709|gb|MN897724.1|      16.56%    passed     45.86%
 224  gi|2116728087|gb|OK513264.1|      18.72%    passed     89.61%
 225  gi|2095683215|gb|OK147942.1|      18.55%    passed     62.94%
 226  gi|927585051|gb|KT730050.1|       18.60%    passed     49.99%
 227  gi|927585050|gb|KT730049.1|       21.65%    passed     60.68%
 228  gi|2067799188|gb|MZ569990.1|      21.15%    passed     79.69%
 229  gi|2024763155|gb|MW899582.1|      17.72%    passed     93.69%
 230  gi|2024763152|gb|MW899579.1|      17.44%    passed     97.97%
 231  gi|2022617060|gb|MW876297.1|      17.66%    passed     98.71%
 232  gi|2022617039|gb|MW876276.1|      17.66%    passed     98.10%
 233  gi|2022617028|gb|MW876265.1|      17.77%    passed     50.04%
 234  gi|2022617019|gb|MW876256.1|      17.61%    passed     85.49%
 235  gi|2021776907|gb|MW858415.1|      17.88%    passed     99.66%
 236  gi|2021776877|gb|MW858385.1|      18.16%    passed     95.89%
 237  gi|2021776872|gb|MW858380.1|      17.72%    passed     92.94%
 238  gi|2020638742|gb|MW845728.1|      18.05%    passed     89.10%
 239  gi|2019293957|gb|MW826629.1|      26.63%    passed     70.14%
 240  gi|1827552190|gb|MT274553.1|      22.04%    passed     55.65%
 241  gi|1827552189|gb|MT274552.1|      22.26%    passed     46.96%
 242  gi|1827552188|gb|MT274551.1|      22.04%    passed     74.84%
 243  gi|1827552187|gb|MT274550.1|      16.00%    passed     81.14%
 244  gi|1827552186|gb|MT274549.1|      15.95%    passed     83.27%
 245  gi|1827552185|gb|MT274548.1|      15.95%    passed     94.80%
 246  gi|1827552184|gb|MT274547.1|      15.95%    passed     77.90%
 247  gi|1789129878|gb|MN893997.1|      17.22%    passed     95.12%
 248  gi|1789129877|gb|MN893996.1|      17.00%    passed     92.76%
 249  gi|1789129876|gb|MN893995.1|      17.39%    passed     83.40%
 250  gi|1789129875|gb|MN893994.1|      17.33%    passed     54.27%
 251  gi|1789129874|gb|MN893993.1|      18.49%    passed     10.60%
 252  gi|1789129873|gb|MN893992.1|      17.11%    passed     79.09%
 253  gi|1789129872|gb|MN893991.1|      17.61%    passed     28.11%
 254  gi|1789129871|gb|MN893990.1|      17.66%    passed     42.77%
 255  gi|1789129870|gb|MN893989.1|      19.27%    passed     86.23%
 256  gi|1789129869|gb|MN893988.1|      18.27%    passed     19.46%
 257  gi|1789129868|gb|MN893987.1|      17.33%    passed     84.01%
 258  gi|1789129867|gb|MN893986.1|      18.38%    passed     67.34%
 259  gi|1789129866|gb|MN893985.1|      36.16%    passed     63.67%
 260  gi|1789129865|gb|MN893984.1|      36.32%    passed     69.14%
 261  gi|1789129864|gb|MN893983.1|      35.88%    passed     87.74%
 262  gi|1789129863|gb|MN893982.1|      35.88%    passed     58.71%
 263  gi|1789129862|gb|MN893981.1|      35.88%    passed     72.14%
 264  gi|1789129861|gb|MN893980.1|      35.99%    passed     97.70%
 265  gi|1789129860|gb|MN893979.1|      35.94%    passed     62.17%
 266  gi|1789129859|gb|MN893978.1|      35.88%    passed     87.37%
 267  gi|1789129858|gb|MN893977.1|      36.21%    passed     30.82%
 268  gi|1789129857|gb|MN893976.1|      36.16%    passed     27.71%
 269  gi|1789129856|gb|MN893975.1|      36.16%    passed     31.37%
 270  gi|1789129855|gb|MN893974.1|      35.88%    passed     41.70%
 271  gi|1789129854|gb|MN893973.1|      36.16%    passed     56.77%
 272  gi|1789129853|gb|MN893972.1|      37.15%    passed     55.38%
 273  gi|1789129852|gb|MN893971.1|      36.16%    passed     24.82%
 274  gi|1789129851|gb|MN893970.1|      36.27%    failed      4.82%
 275  gi|1789129850|gb|MN893969.1|      35.88%    passed     57.15%
 276  gi|1955180898|gb|MW465306.1|      27.35%    passed     35.89%
 277  gi|1953646671|ref|NR_171489.1|    14.62%    passed     49.85%
 278  gi|1952961530|dbj|LC586327.1|     53.99%    passed     74.48%
 279  gi|1952961525|dbj|LC586326.1|     53.99%    passed     74.48%
 280  gi|1456010859|gb|MG490168.3|      14.62%    passed     49.85%
 281  gi|1028052789|gb|KU371680.1|      60.13%    passed     22.40%
 282  gi|1028052785|gb|KU371676.1|      60.13%    passed     71.64%
 283  gi|1028052452|gb|KU371343.1|      62.24%    passed     38.84%
 284  gi|1028052385|gb|KU371276.1|      59.36%    passed     46.62%
 285  gi|1028052234|gb|KU371125.1|      58.25%    passed     67.89%
 286  gi|1028052225|gb|KU371116.1|      55.48%    passed     42.49%
 287  gi|1028052224|gb|KU371115.1|      57.20%    passed     43.35%
 288  gi|1028052221|gb|KU371112.1|      57.36%    passed     70.16%
 289  gi|1028052142|gb|KU371033.1|      59.14%    passed     59.68%
 290  gi|1028052122|gb|KU371013.1|      60.02%    passed     70.19%
 291  gi|1028052118|gb|KU371009.1|      59.69%    passed     59.52%
 292  gi|1028052066|gb|KU370957.1|      57.92%    passed     87.03%
 293  gi|1028052017|gb|KU370908.1|      56.70%    passed     25.46%
 294  gi|1028051705|gb|KU370596.1|      61.24%    passed     34.23%
 295  gi|1028051642|gb|KU370533.1|      62.07%    passed     44.06%
 296  gi|1226859599|gb|KY468792.1|      15.39%    passed     75.70%
 297  gi|380844953|gb|JQ026794.1|       50.06%    passed     72.11%
 298  gi|380844952|gb|JQ026793.1|       50.00%    passed     69.89%
 299  gi|380844858|gb|JQ026699.1|       50.17%    passed     64.62%
 300  gi|380844846|gb|JQ026687.1|       50.44%    failed      0.00%
 301  gi|1581447884|gb|MK569697.1|      16.00%    failed      0.00%
 302  gi|380838146|gb|JN849367.1|       49.56%    passed     20.20%
 303  gi|380838142|gb|JN849363.1|       49.00%    passed     65.89%
 304  gi|380838118|gb|JN849339.1|       50.11%    passed     30.07%
 305  gi|380838117|gb|JN849338.1|       49.72%    passed     93.23%
 306  gi|380838109|gb|JN849330.1|       50.22%    passed     19.76%
 307  gi|380838055|gb|JN849276.1|       49.89%    passed     99.72%
 308  gi|380838036|gb|JN849257.1|       49.94%    passed     93.53%
 309  gi|1743647173|gb|MN477084.1|      20.87%    passed     98.60%
 310  gi|1909404372|ref|NR_170425.1|    17.55%    passed     79.90%
 311  gi|1906937585|gb|MW023105.1|      24.81%    passed     77.71%
 312  gi|1405457379|gb|MH493678.1|      17.55%    passed     79.90%
 313  gi|1886411125|gb|MT858149.1|      24.25%    passed     96.52%
 314  gi|1885537473|dbj|LC523982.1|     55.20%    failed      2.41%
 315  gi|1885537472|dbj|LC523981.1|     55.76%    passed     73.98%
 316  gi|1859896046|gb|MT645309.1|      18.00%    passed     72.18%
 317  gi|1859603987|gb|MT640289.1|      18.05%    passed     70.46%
 318  gi|389566055|gb|JF811509.1|       40.37%    passed     88.51%
 319  gi|389566033|gb|JF811487.1|       50.66%    passed     85.31%
 320  gi|389566009|gb|JF811463.1|       41.92%    passed     97.70%
 321  gi|389566005|gb|JF811459.1|       41.14%    passed     94.16%
 322  gi|389566004|gb|JF811458.1|       41.31%    passed     95.09%
 323  gi|386779853|gb|JF909023.1|       53.49%    passed     73.04%
 324  gi|386779832|gb|JF909002.1|       53.71%    passed     91.49%
 325  gi|386779819|gb|JF908989.1|       54.71%    passed     93.79%
 326  gi|1827287233|dbj|LC528171.1|     20.43%    passed     52.31%
 327  gi|1477051445|gb|MG001800.1|      40.20%    passed     88.14%
 328  gi|1795714497|emb|LR722957.1|     27.63%    failed      0.00%
 329  gi|1795714496|emb|LR722956.1|     21.43%    failed      0.00%
 330  gi|1491383902|gb|MK048516.1|      17.55%    passed     84.55%
 331  gi|1491383870|gb|MK048484.1|      17.55%    passed     84.55%
 332  gi|1782951659|dbj|AB832842.1|     65.67%    passed     85.16%
 333  gi|1782943202|dbj|AB836540.1|     65.73%    passed     57.64%
 334  gi|1782943201|dbj|AB836539.1|     65.01%    passed     67.41%
 335  gi|1782942954|dbj|AB836290.1|     64.67%    passed     71.30%
 336  gi|1782942939|dbj|AB836275.1|     64.78%    passed     67.87%
 337  gi|1782942486|dbj|AB835824.1|     65.61%    passed     23.21%
 338  gi|820661304|emb|LN835825.1|      53.49%    passed     72.75%
 339  gi|820661264|emb|LN835785.1|      54.98%    passed     35.79%
 340  gi|1584168252|gb|MK577312.1|      21.48%    passed     52.55%
 341  gi|1584168251|gb|MK577311.1|      22.04%    passed     47.74%
 342  gi|1584168250|gb|MK577310.1|      21.98%    passed     50.92%
 343  gi|1584168249|gb|MK577309.1|      20.43%    passed     57.58%
 344  gi|1584168248|gb|MK577308.1|      22.09%    passed     52.55%
 345  gi|1584168247|gb|MK577307.1|      22.09%    passed     52.66%
 346  gi|1584168246|gb|MK577306.1|      20.43%    passed     57.58%
 347  gi|1584168245|gb|MK577305.1|      22.04%    passed     52.25%
 348  gi|1584168244|gb|MK577304.1|      22.37%    passed     51.83%
 349  gi|1584168243|gb|MK577303.1|      22.04%    passed     51.81%
 350  gi|1776910718|gb|MN708151.1|      17.61%    passed     97.21%
 351  gi|1776910717|gb|MN708150.1|      60.30%    passed     37.29%
 352  gi|1776910700|gb|MN708133.1|      17.66%    passed     94.97%
 353  gi|1776910699|gb|MN708132.1|      17.66%    passed     96.20%
 354  gi|1776910698|gb|MN708131.1|      17.66%    passed     99.70%
 355  gi|1776910689|gb|MN708122.1|      17.77%    passed     99.82%
 356  gi|1776910645|gb|MN708078.1|      17.94%    passed     70.69%
 357  gi|1774753420|gb|MN685323.1|      19.77%    passed     64.76%
 358  gi|1585509891|gb|MK589050.1|      18.88%    passed     97.21%
 359  gi|1585509833|gb|MK588992.1|      18.94%    passed     95.66%
 360  gi|1585509827|gb|MK588986.1|      16.67%    passed     75.12%
 361  gi|1735092585|gb|MN412654.1|      16.33%    passed     89.31%
 362  gi|1707219994|gb|MN197844.1|      23.37%    passed     63.93%
 363  gi|1700657399|dbj|LC462750.1|     20.38%    passed     79.96%
 364  gi|1700657380|dbj|LC462731.1|     19.77%    passed     84.68%
 365  gi|1685831938|gb|MN072636.1|      23.20%    passed     74.28%
 366  gi|1679775927|ref|NR_163649.1|    19.38%    passed     13.12%
 367  gi|823328083|gb|KR108285.1|       19.38%    passed     13.12%
 368  gi|356874276|dbj|AB636073.1|      60.19%    passed     97.19%
 369  gi|356874156|dbj|AB635953.1|      62.85%    passed     13.53%
 370  gi|1445136077|ref|NR_158117.1|    20.99%    passed     98.68%
 371  gi|1441204259|ref|NR_157674.1|    18.88%    passed     75.86%
 372  gi|1384992381|ref|NR_156157.1|    17.94%    passed     70.38%
 373  gi|1315204026|ref|NR_152695.1|    20.38%    passed     55.21%
 374  gi|1277396196|ref|NR_151907.1|    14.06%    passed     96.26%
 375  gi|1277396195|ref|NR_151906.1|    14.06%    passed     95.27%
 376  gi|1270533030|ref|NR_126315.2|    15.23%    passed     37.91%
 377  gi|1270533029|ref|NR_126313.2|    15.23%    passed     28.02%
 378  gi|974142236|ref|NR_134756.1|     21.93%    failed      0.00%
 379  gi|959495030|ref|NR_133878.1|     21.48%    passed     98.15%
 380  gi|939733314|ref|NR_133041.1|     19.49%    passed     59.72%
 381  gi|699005445|ref|NR_126314.1|     14.40%    passed     56.15%
 382  gi|631251951|ref|NR_113149.1|     18.66%    passed     97.61%
 383  gi|631251950|ref|NR_113148.1|     19.32%    passed     99.95%
 384  gi|631251851|ref|NR_113049.1|     19.55%    passed     81.50%
 385  gi|343200938|ref|NR_041625.1|     18.16%    passed     96.21%
 386  gi|343200937|ref|NR_041624.1|     18.00%    passed     99.30%
 387  gi|343200936|ref|NR_041623.1|     18.44%    passed     99.83%
 388  gi|343200934|ref|NR_041621.1|     19.27%    passed     92.67%
 389  gi|1397641735|ref|NR_156844.1|    18.55%    passed     97.43%
 390  gi|1171002964|ref|NR_146349.1|    13.73%    passed     84.52%
 391  gi|566085532|ref|NR_109603.1|     22.87%    passed     53.70%
 392  gi|566085449|ref|NR_109500.1|     20.04%    passed     99.69%
 393  gi|566085392|ref|NR_109435.1|     18.77%    passed     87.57%
 394  gi|566084862|ref|NR_108295.1|     22.76%    passed     87.67%
 395  gi|343198864|ref|NR_043906.1|     18.05%    passed     72.29%
 396  gi|343200933|ref|NR_041620.1|     18.16%    passed     85.06%
 397  gi|343200809|ref|NR_041496.1|     19.32%    passed     65.81%
 398  gi|265678585|ref|NR_028890.1|     18.05%    passed     62.61%
 399  gi|1584414815|gb|MK578203.1|      20.60%    passed     60.94%
 400  gi|798974124|gb|KP418767.1|       65.56%    passed     64.62%
 401  gi|798974123|gb|KP418766.1|       65.56%    passed     68.77%
 402  gi|798974122|gb|KP418765.1|       65.56%    passed     68.47%
 403  gi|798974121|gb|KP418764.1|       65.56%    passed     64.62%
 404  gi|798974120|gb|KP418763.1|       65.56%    passed     65.88%
 405  gi|798974119|gb|KP418762.1|       65.56%    passed     64.62%
 406  gi|798974117|gb|KP418760.1|       65.56%    passed     65.19%
 407  gi|798974116|gb|KP418759.1|       65.56%    passed     66.13%
 408  gi|798974115|gb|KP418758.1|       65.56%    passed     68.47%
 409  gi|798974114|gb|KP418757.1|       65.56%    passed     68.77%
 410  gi|798974113|gb|KP418756.1|       65.56%    passed     67.65%
 411  gi|798974112|gb|KP418755.1|       65.56%    passed     67.65%
 412  gi|798974111|gb|KP418754.1|       65.56%    passed     68.47%
 413  gi|798974110|gb|KP418753.1|       65.56%    passed     68.47%
 414  gi|798974109|gb|KP418752.1|       65.56%    passed     57.81%
 415  gi|798974108|gb|KP418751.1|       65.56%    passed     57.49%
 416  gi|798974107|gb|KP418750.1|       65.56%    passed     63.33%
 417  gi|798974106|gb|KP418749.1|       65.56%    passed     63.33%
 418  gi|798974105|gb|KP418748.1|       65.56%    passed     59.92%
 419  gi|798974104|gb|KP418747.1|       65.56%    passed     61.43%
 420  gi|798974103|gb|KP418746.1|       65.56%    passed     59.92%
 421  gi|798974102|gb|KP418745.1|       65.61%    passed     65.23%
 422  gi|798974101|gb|KP418744.1|       65.56%    passed     63.33%
 423  gi|798974100|gb|KP418743.1|       65.56%    passed     59.92%
 424  gi|798974099|gb|KP418742.1|       65.56%    passed     59.92%
 425  gi|798974098|gb|KP418741.1|       65.56%    passed     59.92%
 426  gi|798974097|gb|KP418740.1|       65.56%    passed     57.98%
 427  gi|798974096|gb|KP418739.1|       65.56%    passed     59.92%
 428  gi|798974095|gb|KP418738.1|       92.30%    passed     94.08%
WARNING: 131 sequences contain more than 50% gaps/ambiguity
****  TOTAL                             35.55%  12 sequences failed composition chi2 test (p-value<5%; df=3)
NOTE: gi|134020279|gb|EF018855.1| is identical to gi|134020429|gb|EF019005.1| but kept for subsequent analysis
NOTE: gi|134020012|gb|EF018588.1| is identical to gi|134020095|gb|EF018671.1| but kept for subsequent analysis
NOTE: gi|134019832|gb|EF018408.1| is identical to gi|134019838|gb|EF018414.1| but kept for subsequent analysis
NOTE: gi|631251851|ref|NR_113049.1| is identical to gi|285026246|dbj|AB543684.1| but kept for subsequent analysis
NOTE: gi|662246210|gb|KJ721192.1| is identical to gi|1679775924|ref|NR_163646.1| but kept for subsequent analysis
NOTE: gi|2438344825|gb|OQ363319.1| is identical to gi|2621112363|ref|NR_189267.1| but kept for subsequent analysis
NOTE: gi|133930775|gb|EF127896.1| is identical to gi|2621112277|ref|NR_189180.1| but kept for subsequent analysis
NOTE: gi|2552712980|gb|OR350680.1| is identical to gi|2552713098|gb|OR350785.1| but kept for subsequent analysis
NOTE: gi|1994676320|gb|MW663766.1| is identical to gi|2463901800|ref|NR_184615.1| but kept for subsequent analysis
NOTE: gi|1906937585|gb|MW023105.1| is identical to gi|2363086362|ref|NR_181433.1| but kept for subsequent analysis
NOTE: gi|1774753420|gb|MN685323.1| is identical to gi|2363085376|ref|NR_180936.1| but kept for subsequent analysis
NOTE: gi|1735092585|gb|MN412654.1| is identical to gi|2363084998|ref|NR_180747.1| but kept for subsequent analysis
NOTE: gi|1707219994|gb|MN197844.1| is identical to gi|2363084896|ref|NR_180696.1| but kept for subsequent analysis
NOTE: gi|1433046698|gb|MG799125.1| is identical to gi|2260349445|ref|NR_176527.1| but kept for subsequent analysis
NOTE: gi|1789276709|gb|MN897724.1| is identical to gi|2136551614|ref|NR_173618.1| but kept for subsequent analysis
NOTE: gi|1456010859|gb|MG490168.3| is identical to gi|1953646671|ref|NR_171489.1| but kept for subsequent analysis
NOTE: gi|1952961525|dbj|LC586326.1| is identical to gi|1952961530|dbj|LC586327.1| but kept for subsequent analysis
NOTE: gi|1405457379|gb|MH493678.1| is identical to gi|1909404372|ref|NR_170425.1| but kept for subsequent analysis
NOTE: gi|1584168246|gb|MK577306.1| is identical to gi|1584168249|gb|MK577309.1| but kept for subsequent analysis
NOTE: gi|823328083|gb|KR108285.1| is identical to gi|1679775927|ref|NR_163649.1| but kept for subsequent analysis
NOTE: gi|798974121|gb|KP418764.1| is identical to gi|798974124|gb|KP418767.1| but kept for subsequent analysis
NOTE: gi|798974114|gb|KP418757.1| is identical to gi|798974123|gb|KP418766.1| but kept for subsequent analysis
NOTE: gi|798974110|gb|KP418753.1| is identical to gi|798974122|gb|KP418765.1| but kept for subsequent analysis
NOTE: gi|798974101|gb|KP418744.1| is identical to gi|798974107|gb|KP418750.1| but kept for subsequent analysis
NOTE: gi|798974103|gb|KP418746.1| is identical to gi|798974105|gb|KP418748.1| but kept for subsequent analysis
NOTE: 6 identical sequences (see below) will be ignored for subsequent analysis
NOTE: gi|2552712974|gb|OR350674.1| (identical to gi|2552713098|gb|OR350785.1|) is ignored but added at the end
NOTE: gi|2552712973|gb|OR350673.1| (identical to gi|2552713098|gb|OR350785.1|) is ignored but added at the end
NOTE: gi|798974119|gb|KP418762.1| (identical to gi|798974124|gb|KP418767.1|) is ignored but added at the end
NOTE: gi|798974100|gb|KP418743.1| (identical to gi|798974105|gb|KP418748.1|) is ignored but added at the end
NOTE: gi|798974098|gb|KP418741.1| (identical to gi|798974105|gb|KP418748.1|) is ignored but added at the end
NOTE: gi|798974096|gb|KP418739.1| (identical to gi|798974105|gb|KP418748.1|) is ignored but added at the end
Alignment was printed to alignment.fasta.uniqueseq.phy

For your convenience alignment with unique sequences printed to alignment.fasta.uniqueseq.phy

Create initial parsimony tree by phylogenetic likelihood library (PLL)... 0.165 seconds
Generating 1000 samples for ultrafast bootstrap (seed: 343817)...

NOTE: 98 MB RAM (0 GB) is required!
Estimate model parameters (epsilon = 0.100)
1. Initial log-likelihood: -113392.042
2. Current log-likelihood: -105602.853
3. Current log-likelihood: -105289.979
4. Current log-likelihood: -105280.346
5. Current log-likelihood: -105278.720
6. Current log-likelihood: -105278.226
Optimal log-likelihood: -105278.066
Rate parameters:  A-C: 0.91238  A-G: 2.18447  A-T: 1.42115  C-G: 0.90421  C-T: 3.73946  G-T: 1.00000
Base frequencies:  A: 0.253  C: 0.233  G: 0.314  T: 0.201
Gamma shape alpha: 0.623
Parameters optimization took 6 rounds (2.156 sec)
Wrote distance file to... 
Computing ML distances based on estimated model parameters...
Calculating distance matrix: done in 0.104992 secs using 807% CPU
Computing ML distances took 0.107123 sec (of wall-clock time) 0.849420 sec (of CPU time)
WARNING: Some pairwise ML distances are too long (saturated)
Setting up auxiliary I and S matrices: done in 0.00322711 secs using 534.3% CPU
Computing RapidNJ tree took 1.474809 sec (of wall-clock time) 3.797324 sec (of CPU time)
Log-likelihood of RapidNJ tree: -109573.469
--------------------------------------------------------------------
|             INITIALIZING CANDIDATE TREE SET                      |
--------------------------------------------------------------------
Generating 98 parsimony trees... 20.444 second
Computing log-likelihood of 98 initial trees ... 9.065 seconds
Current best score: -105278.066

Do NNI search on 20 best initial trees
Estimate model parameters (epsilon = 0.100)
BETTER TREE FOUND at iteration 1: -105070.474
Estimate model parameters (epsilon = 0.100)
BETTER TREE FOUND at iteration 2: -105030.523
Estimate model parameters (epsilon = 0.100)
BETTER TREE FOUND at iteration 6: -105014.460
Iteration 10 / LogL: -105021.568 / Time: 0h:1m:24s
Iteration 20 / LogL: -105196.679 / Time: 0h:2m:13s
Finish initializing candidate tree set (20)
Current best tree score: -105014.460 / CPU time: 127.830
Number of iterations: 20
--------------------------------------------------------------------
|               OPTIMIZING CANDIDATE TREE SET                      |
--------------------------------------------------------------------
Estimate model parameters (epsilon = 0.100)
BETTER TREE FOUND at iteration 30: -105006.139
Iteration 30 / LogL: -105006.139 / Time: 0h:2m:47s (0h:9m:36s left)
Iteration 40 / LogL: -105028.626 / Time: 0h:3m:20s (0h:7m:42s left)
Iteration 50 / LogL: -105031.096 / Time: 0h:3m:53s (0h:6m:20s left)
Log-likelihood cutoff on original alignment: -105175.485
Estimate model parameters (epsilon = 0.100)
BETTER TREE FOUND at iteration 52: -105002.601
Iteration 60 / LogL: -105101.286 / Time: 0h:4m:30s (0h:7m:1s left)
Estimate model parameters (epsilon = 0.100)
BETTER TREE FOUND at iteration 66: -104998.672

******************************************************
CHECKPOINT: Resuming analysis from alignment.fasta.ckp.gz

IQ-TREE multicore version 2.3.4 COVID-edition for Linux x86 64-bit built Jun 18 2024
Developed by Bui Quang Minh, James Barbetti, Nguyen Lam Tung, Olga Chernomor,
Heiko Schmidt, Dominik Schrempf, Michael Woodhams, Ly Trong Nhan, Thomas Wong

Host:    stark12-server (AVX2, FMA3, 2003 GB RAM)
Command: iqtree -s alignment.fasta -m GTR+G -bb 1000 -nt 8
Seed:    215507 (Using SPRNG - Scalable Parallel Random Number Generator)
Time:    Thu Jun 20 20:25:47 2024
Kernel:  AVX+FMA - 8 threads (256 CPU cores detected)

Reading alignment file alignment.fasta ... Fasta format detected
Reading fasta file: done in 0.0166537 secs using 99.49% CPU
Alignment most likely contains DNA/RNA sequences
WARNING: 1 sites contain only gaps or ambiguous characters.
Alignment has 428 sequences with 1806 columns, 1684 distinct patterns
1430 parsimony-informative, 151 singleton sites, 225 constant sites
                                 Gap/Ambiguity  Composition  p-value
Analyzing sequences: done in 0.000447439 secs using 1119% CPU
   1  gi|1821233855|gb|MT193412.1|      16.22%    passed     92.23%
   2  gi|1407422688|gb|KT122326.1|      15.34%    passed     96.03%
   3  gi|1407422658|gb|KT122296.1|      15.34%    passed     75.28%
   4  gi|1407422572|gb|KT122210.1|      14.95%    passed     54.39%
   5  gi|1407422556|gb|KT122194.1|      15.56%    passed     60.67%
   6  gi|1407422542|gb|KT122180.1|      15.73%    passed     60.53%
   7  gi|1407422501|gb|KT122139.1|      15.67%    passed     77.82%
   8  gi|1407422494|gb|KT122132.1|      15.06%    passed     64.02%
   9  gi|1407422488|gb|KT122126.1|      15.50%    passed     58.96%
  10  gi|224496750|gb|FJ745059.1|       23.75%    passed     98.64%
  11  gi|224496738|gb|FJ745047.1|       23.75%    passed     87.82%
  12  gi|224496677|gb|FJ744986.1|       25.64%    passed     98.63%
  13  gi|224496632|gb|FJ744941.1|       23.64%    passed     44.30%
  14  gi|224496454|gb|FJ744763.1|       24.09%    passed     96.27%
  15  gi|290565106|gb|GU552210.1|       54.04%    passed     37.28%
  16  gi|290565066|gb|GU552170.1|       48.95%    passed     42.06%
  17  gi|134021608|gb|EF020184.1|       22.15%    passed     99.42%
  18  gi|134021538|gb|EF020114.1|       21.87%    passed     92.30%
  19  gi|134021503|gb|EF020079.1|       21.54%    passed     99.16%
  20  gi|134021112|gb|EF019688.1|       21.87%    passed     98.95%
  21  gi|134020911|gb|EF019487.1|       21.48%    passed     97.66%
  22  gi|134020861|gb|EF019437.1|       21.87%    passed     97.35%
  23  gi|134020553|gb|EF019129.1|       22.09%    passed     97.41%
  24  gi|134020550|gb|EF019126.1|       21.71%    passed     99.24%
  25  gi|134020545|gb|EF019121.1|       23.09%    passed     95.03%
  26  gi|134020483|gb|EF019059.1|       23.53%    passed     76.39%
  27  gi|134020429|gb|EF019005.1|       21.93%    passed     98.79%
  28  gi|134020346|gb|EF018922.1|       21.93%    passed     96.35%
  29  gi|134020300|gb|EF018876.1|       24.81%    passed     90.41%
  30  gi|134020279|gb|EF018855.1|       21.93%    passed     98.79%
  31  gi|134020232|gb|EF018808.1|       21.82%    passed     89.68%
  32  gi|134020192|gb|EF018768.1|       21.93%    passed     96.18%
  33  gi|134020190|gb|EF018766.1|       23.31%    passed     92.72%
  34  gi|134020095|gb|EF018671.1|       21.87%    passed     89.16%
  35  gi|134020012|gb|EF018588.1|       21.87%    passed     89.16%
  36  gi|134020006|gb|EF018582.1|       22.26%    passed     56.50%
  37  gi|134019981|gb|EF018557.1|       21.98%    passed     93.52%
  38  gi|134019948|gb|EF018524.1|       21.98%    passed     85.31%
  39  gi|134019936|gb|EF018512.1|       21.87%    passed     96.25%
  40  gi|134019934|gb|EF018510.1|       22.09%    passed     87.88%
  41  gi|134019908|gb|EF018484.1|       21.82%    passed     93.91%
  42  gi|134019906|gb|EF018482.1|       21.87%    passed     67.03%
  43  gi|134019896|gb|EF018472.1|       21.98%    passed     77.18%
  44  gi|134019891|gb|EF018467.1|       22.15%    passed     97.93%
  45  gi|134019839|gb|EF018415.1|       19.10%    passed     91.63%
  46  gi|134019838|gb|EF018414.1|       21.87%    passed     97.58%
  47  gi|134019836|gb|EF018412.1|       21.87%    passed     92.82%
  48  gi|134019832|gb|EF018408.1|       21.87%    passed     97.58%
  49  gi|134019726|gb|EF018302.1|       22.04%    passed     95.17%
  50  gi|134019683|gb|EF018259.1|       21.82%    passed     99.34%
  51  gi|134019650|gb|EF018226.1|       21.82%    passed     95.12%
  52  gi|134019580|gb|EF018156.1|       21.82%    passed     97.12%
  53  gi|18151423|dbj|AB077355.1|       46.51%    passed     40.74%
  54  gi|342357819|gb|JN233107.1|       18.94%    passed     94.36%
  55  gi|2642122716|dbj|LC792610.1|     19.16%    passed     87.75%
  56  gi|68159926|gb|DQ084319.1|        54.98%    passed     64.16%
  57  gi|68159925|gb|DQ084318.1|        53.99%    passed     27.74%
  58  gi|68159917|gb|DQ084310.1|        53.71%    passed     37.86%
  59  gi|68159914|gb|DQ084307.1|        54.87%    passed     45.50%
  60  gi|68159913|gb|DQ084306.1|        52.77%    passed     14.38%
  61  gi|68159910|gb|DQ084303.1|        52.88%    failed      3.38%
  62  gi|68159885|gb|DQ084278.1|        53.88%    passed     36.10%
  63  gi|68159879|gb|DQ084272.1|        53.49%    passed     82.68%
  64  gi|914047482|dbj|LC071790.1|      21.10%    passed     58.50%
  65  gi|772519785|gb|KP713739.1|       61.30%    passed     49.53%
  66  gi|772519784|gb|KP713738.1|       61.74%    passed     52.05%
  67  gi|513798112|gb|KF001583.1|       50.00%    passed     84.57%
  68  gi|513798101|gb|KF001572.1|       49.45%    passed     78.68%
  69  gi|425917045|gb|JX647706.1|       16.94%    passed     98.95%
  70  gi|312861082|gb|HM750130.1|       51.16%    passed     47.19%
  71  gi|312861030|gb|HM750078.1|       42.41%    passed     88.20%
  72  gi|312861021|gb|HM750069.1|       42.41%    passed     66.08%
  73  gi|385867415|gb|JQ772322.1|       62.90%    passed     80.68%
  74  gi|385867389|gb|JQ772296.1|       61.85%    passed     77.63%
  75  gi|385867372|gb|JQ772279.1|       62.90%    passed     84.57%
  76  gi|385867279|gb|JQ772232.1|       64.56%    passed     75.53%
  77  gi|186926493|gb|EU635440.1|       55.76%    passed     78.10%
  78  gi|186926469|gb|EU635416.1|       56.81%    passed     90.27%
  79  gi|186926206|gb|EU635153.1|       56.37%    passed     67.12%
  80  gi|186926205|gb|EU635152.1|       56.81%    passed     94.91%
  81  gi|186925989|gb|EU634936.1|       57.25%    passed     53.65%
  82  gi|186925968|gb|EU634915.1|       57.25%    passed     55.10%
  83  gi|186925927|gb|EU634874.1|       55.76%    passed     95.23%
  84  gi|186925682|gb|EU634629.1|       56.26%    passed     61.55%
  85  gi|186925674|gb|EU634621.1|       55.81%    passed     82.28%
  86  gi|186923713|gb|EU632660.1|       65.84%    passed     24.08%
  87  gi|186923008|gb|EU631955.1|       56.48%    passed     53.97%
  88  gi|186923007|gb|EU631954.1|       56.26%    passed     61.55%
  89  gi|186923006|gb|EU631953.1|       57.09%    passed     76.63%
  90  gi|328835083|gb|JF508322.1|       59.36%    passed     26.49%
  91  gi|328835072|gb|JF508311.1|       58.80%    passed     48.28%
  92  gi|328835068|gb|JF508307.1|       58.58%    passed     18.48%
  93  gi|328835056|gb|JF508295.1|       59.08%    passed     58.21%
  94  gi|328835048|gb|JF508287.1|       58.97%    passed     34.54%
  95  gi|328835035|gb|JF508274.1|       58.47%    passed     35.27%
  96  gi|254558415|gb|GQ287495.1|       43.47%    passed     97.76%
  97  gi|254558395|gb|GQ287475.1|       42.80%    passed     98.16%
  98  gi|254558379|gb|GQ287459.1|       42.58%    passed     84.68%
  99  gi|151655714|gb|EU012249.1|       41.75%    passed     79.43%
 100  gi|258598435|gb|GQ453254.1|       51.66%    passed     57.64%
 101  gi|258598315|gb|GQ453134.1|       51.83%    passed     99.54%
 102  gi|258598216|gb|GQ453035.1|       51.66%    passed     58.96%
 103  gi|212725331|gb|FJ405899.1|       50.55%    passed     58.81%
 104  gi|212725320|gb|FJ405888.1|       17.11%    passed      7.14%
 105  gi|175940840|gb|EU530165.1|       48.23%    passed     45.61%
 106  gi|167405787|gb|EU418487.1|       66.45%    passed     82.03%
 107  gi|167405776|gb|EU418476.1|       60.91%    passed     55.36%
 108  gi|157704194|gb|EU019404.1|       66.56%    passed     57.90%
 109  gi|150964933|gb|AY874111.2|       39.87%    passed     78.18%
 110  gi|150964914|gb|AY874089.2|       41.86%    passed     53.29%
 111  gi|110747096|gb|DQ811931.1|       16.50%    passed     23.04%
 112  gi|110747095|gb|DQ811930.1|       13.79%    passed     49.99%
 113  gi|109727766|gb|DQ648947.1|       34.66%    passed     96.99%
 114  gi|109727765|gb|DQ648946.1|       34.88%    passed     86.10%
 115  gi|109727764|gb|DQ648945.1|       35.22%    passed     99.84%
 116  gi|109727763|gb|DQ648944.1|       34.83%    passed     92.01%
 117  gi|109727762|gb|DQ648943.1|       34.88%    passed     93.65%
 118  gi|109727761|gb|DQ648942.1|       34.72%    passed     84.39%
 119  gi|109727760|gb|DQ648941.1|       34.66%    passed     89.48%
 120  gi|109727759|gb|DQ648940.1|       35.88%    passed     59.12%
 121  gi|109727758|gb|DQ648939.1|       35.88%    passed     71.06%
 122  gi|89001548|gb|DQ395040.1|        16.00%    passed     44.73%
 123  gi|56410869|gb|AY222315.1|        15.17%    passed     18.98%
 124  gi|54398857|gb|AY632037.1|        63.07%    passed     18.12%
 125  gi|48773122|gb|AY628675.1|        62.74%    passed     50.11%
 126  gi|46560410|gb|AY534046.1|        58.97%    passed     39.63%
 127  gi|46560409|gb|AY534045.1|        59.08%    passed     45.34%
 128  gi|46560408|gb|AY534044.1|        59.69%    passed     41.37%
 129  gi|46560407|gb|AY534043.1|        59.03%    passed     38.37%
 130  gi|46560406|gb|AY534042.1|        61.35%    passed     73.03%
 131  gi|37959993|gb|AY254997.1|        59.03%    failed      4.98%
 132  gi|37959992|gb|AY254996.1|        17.83%    passed     67.94%
 133  gi|15212616|gb|AY038743.1|        66.06%    passed     85.16%
 134  gi|290752187|emb|FN646738.1|      48.89%    passed     33.51%
 135  gi|290752186|emb|FN646737.1|      49.11%    passed      7.13%
 136  gi|188011238|gb|EU682496.1|       23.64%    passed     56.64%
 137  gi|285026247|dbj|AB543685.1|      20.43%    passed     85.52%
 138  gi|285026246|dbj|AB543684.1|      19.55%    passed     81.50%
 139  gi|285026244|dbj|AB543682.1|      19.55%    passed     90.22%
 140  gi|285026243|dbj|AB543681.1|      19.66%    passed     40.69%
 141  gi|267288505|gb|GU112195.1|       15.50%    failed      0.01%
 142  gi|152002650|dbj|AB331894.1|      17.94%    passed     99.42%
 143  gi|152002648|dbj|AB331892.1|      18.55%    passed     99.90%
 144  gi|152002647|dbj|AB331891.1|      19.60%    passed     99.60%
 145  gi|152002643|dbj|AB331887.1|      18.05%    passed     87.81%
 146  gi|164598055|gb|EU372824.1|       46.07%    passed     59.06%
 147  gi|50659784|gb|AY678501.1|        63.68%    failed      0.43%
 148  gi|50659777|gb|AY678494.1|        64.40%    passed     59.83%
 149  gi|52083002|gb|AY743358.1|        53.99%    passed     99.23%
 150  gi|1498424|gb|U62853.1|UEU62853   46.01%    passed     78.90%
 151  gi|1498421|gb|U62850.1|UEU62850   47.79%    passed     74.39%
 152  gi|1498416|gb|U62845.1|UEU62845   45.51%    passed     79.06%
 153  gi|1498414|gb|U62843.1|UEU62843   47.23%    passed     85.30%
 154  gi|1498408|gb|U62837.1|UEU62837   48.62%    passed     83.29%
 155  gi|1498397|gb|U62826.1|UEU62826   48.50%    passed     74.39%
 156  gi|1498396|gb|U62825.1|UEU62825   49.00%    passed     98.56%
 157  gi|2204107|emb|Y07576.1|          15.39%    passed     93.50%
 158  gi|2740750754|gb|PP889714.1|      25.69%    passed     58.28%
 159  gi|2209039599|gb|ON006464.1|      20.82%    passed      8.49%
 160  gi|2701481242|gb|PP512788.1|      23.53%    passed     59.87%
 161  gi|2688961876|gb|PP406562.1|      65.78%    passed     45.84%
 162  gi|2528217863|gb|OR196971.1|      24.47%    passed     61.83%
 163  gi|2528217861|gb|OR196970.1|      42.36%    passed     18.47%
 164  gi|2528217859|gb|OR196969.1|      25.25%    passed     69.95%
 165  gi|1679775924|ref|NR_163646.1|    24.25%    passed     75.50%
 166  gi|662246210|gb|KJ721192.1|       24.25%    passed     75.50%
 167  gi|2409876143|gb|OP984820.1|      22.48%    passed     62.72%
 168  gi|2621112363|ref|NR_189267.1|    15.61%    passed     69.79%
 169  gi|2621112357|ref|NR_189261.1|    13.68%    passed      7.96%
 170  gi|2621112277|ref|NR_189180.1|    21.71%    passed     75.94%
 171  gi|2438344825|gb|OQ363319.1|      15.61%    passed     69.79%
 172  gi|2438344823|gb|OQ363318.1|      23.15%    passed     46.55%
 173  gi|2330562303|gb|OP858675.1|      13.29%    passed     11.28%
 174  gi|133930775|gb|EF127896.1|       21.71%    passed     75.94%
 175  gi|2569219079|gb|OR481939.1|      66.72%    passed     65.07%
 176  gi|2569219078|gb|OR481938.1|      66.72%    passed     63.91%
 177  gi|2552713098|gb|OR350785.1|      20.65%    passed     99.30%
 178  gi|2552712980|gb|OR350680.1|      20.65%    passed     99.30%
 179  gi|2552712974|gb|OR350674.1|      20.65%    passed     99.30%
 180  gi|2552712973|gb|OR350673.1|      20.65%    passed     99.30%
 181  gi|2552712967|gb|OR350667.1|      58.53%    passed     57.84%
 182  gi|2552712946|gb|OR350646.1|      59.19%    passed     56.50%
 183  gi|2510073629|gb|OR045534.1|      20.60%    passed     55.06%
 184  gi|2499326881|gb|OQ913416.1|      54.26%    passed     79.56%
 185  gi|2413992745|gb|OQ055083.1|      19.93%    passed     58.92%
 186  gi|2413992744|gb|OQ055082.1|      19.71%    passed     58.84%
 187  gi|2413992678|gb|OQ055017.1|      22.31%    passed     40.71%
 188  gi|2413992677|gb|OQ055016.1|      22.09%    passed     55.31%
 189  gi|2463901800|ref|NR_184615.1|    20.43%    passed     58.54%
 190  gi|2450068141|gb|OQ540538.1|      56.76%    passed     50.85%
 191  gi|2447450763|gb|OQ472337.1|      20.60%    passed     56.53%
 192  gi|2442650069|gb|OQ422736.1|      17.61%    passed     92.96%
 193  gi|2442650046|gb|OQ422713.1|      17.44%    passed     82.86%
 194  gi|2289591950|dbj|LC711105.1|     20.43%    passed     75.41%
 195  gi|2413736652|gb|OQ034132.1|      21.26%    passed     41.31%
 196  gi|2363086362|ref|NR_181433.1|    24.81%    passed     77.71%
 197  gi|2363085376|ref|NR_180936.1|    19.77%    passed     64.76%
 198  gi|2363084998|ref|NR_180747.1|    16.33%    passed     89.31%
 199  gi|2363084896|ref|NR_180696.1|    23.37%    passed     63.93%
 200  gi|2318648167|gb|OP672403.1|      18.22%    passed     13.26%
 201  gi|1994676320|gb|MW663766.1|      20.43%    passed     58.54%
 202  gi|2096375360|gb|OK182312.1|      47.67%    passed     78.29%
 203  gi|2096375305|gb|OK182257.1|      47.56%    passed     46.73%
 204  gi|2096375294|gb|OK182246.1|      47.79%    passed     83.80%
 205  gi|2096375278|gb|OK182230.1|      49.11%    failed      0.33%
 206  gi|2096375202|gb|OK182154.1|      47.56%    passed     58.21%
 207  gi|2096375053|gb|OK182005.1|      47.95%    passed     13.70%
 208  gi|2293332973|gb|OP344214.1|      24.92%    passed     93.65%
 209  gi|2259607770|gb|ON845537.1|      18.05%    passed     88.73%
 210  gi|2260349445|ref|NR_176527.1|    18.05%    passed     88.63%
 211  gi|2232487226|gb|ON385897.1|      56.09%    passed     78.46%
 212  gi|2180933987|gb|OM317068.1|      54.21%    passed     86.76%
 213  gi|2176218778|gb|OM219020.1|      14.29%    passed     71.39%
 214  gi|2163764033|gb|OL815028.1|      23.86%    passed     55.62%
 215  gi|2163764031|gb|OL815027.1|      24.81%    passed     50.15%
 216  gi|2163764029|gb|OL815026.1|      23.98%    passed     60.45%
 217  gi|2163764028|gb|OL815025.1|      23.70%    passed     63.76%
 218  gi|2163764026|gb|OL815024.1|      23.75%    passed     56.55%
 219  gi|2163764024|gb|OL815023.1|      23.86%    passed     53.14%
 220  gi|2136551614|ref|NR_173618.1|    16.56%    passed     45.86%
 221  gi|2129804677|gb|OL377901.1|      16.00%    passed     97.91%
 222  gi|1433046698|gb|MG799125.1|      18.05%    passed     88.63%
 223  gi|1789276709|gb|MN897724.1|      16.56%    passed     45.86%
 224  gi|2116728087|gb|OK513264.1|      18.72%    passed     89.61%
 225  gi|2095683215|gb|OK147942.1|      18.55%    passed     62.94%
 226  gi|927585051|gb|KT730050.1|       18.60%    passed     49.99%
 227  gi|927585050|gb|KT730049.1|       21.65%    passed     60.68%
 228  gi|2067799188|gb|MZ569990.1|      21.15%    passed     79.69%
 229  gi|2024763155|gb|MW899582.1|      17.72%    passed     93.69%
 230  gi|2024763152|gb|MW899579.1|      17.44%    passed     97.97%
 231  gi|2022617060|gb|MW876297.1|      17.66%    passed     98.71%
 232  gi|2022617039|gb|MW876276.1|      17.66%    passed     98.10%
 233  gi|2022617028|gb|MW876265.1|      17.77%    passed     50.04%
 234  gi|2022617019|gb|MW876256.1|      17.61%    passed     85.49%
 235  gi|2021776907|gb|MW858415.1|      17.88%    passed     99.66%
 236  gi|2021776877|gb|MW858385.1|      18.16%    passed     95.89%
 237  gi|2021776872|gb|MW858380.1|      17.72%    passed     92.94%
 238  gi|2020638742|gb|MW845728.1|      18.05%    passed     89.10%
 239  gi|2019293957|gb|MW826629.1|      26.63%    passed     70.14%
 240  gi|1827552190|gb|MT274553.1|      22.04%    passed     55.65%
 241  gi|1827552189|gb|MT274552.1|      22.26%    passed     46.96%
 242  gi|1827552188|gb|MT274551.1|      22.04%    passed     74.84%
 243  gi|1827552187|gb|MT274550.1|      16.00%    passed     81.14%
 244  gi|1827552186|gb|MT274549.1|      15.95%    passed     83.27%
 245  gi|1827552185|gb|MT274548.1|      15.95%    passed     94.80%
 246  gi|1827552184|gb|MT274547.1|      15.95%    passed     77.90%
 247  gi|1789129878|gb|MN893997.1|      17.22%    passed     95.12%
 248  gi|1789129877|gb|MN893996.1|      17.00%    passed     92.76%
 249  gi|1789129876|gb|MN893995.1|      17.39%    passed     83.40%
 250  gi|1789129875|gb|MN893994.1|      17.33%    passed     54.27%
 251  gi|1789129874|gb|MN893993.1|      18.49%    passed     10.60%
 252  gi|1789129873|gb|MN893992.1|      17.11%    passed     79.09%
 253  gi|1789129872|gb|MN893991.1|      17.61%    passed     28.11%
 254  gi|1789129871|gb|MN893990.1|      17.66%    passed     42.77%
 255  gi|1789129870|gb|MN893989.1|      19.27%    passed     86.23%
 256  gi|1789129869|gb|MN893988.1|      18.27%    passed     19.46%
 257  gi|1789129868|gb|MN893987.1|      17.33%    passed     84.01%
 258  gi|1789129867|gb|MN893986.1|      18.38%    passed     67.34%
 259  gi|1789129866|gb|MN893985.1|      36.16%    passed     63.67%
 260  gi|1789129865|gb|MN893984.1|      36.32%    passed     69.14%
 261  gi|1789129864|gb|MN893983.1|      35.88%    passed     87.74%
 262  gi|1789129863|gb|MN893982.1|      35.88%    passed     58.71%
 263  gi|1789129862|gb|MN893981.1|      35.88%    passed     72.14%
 264  gi|1789129861|gb|MN893980.1|      35.99%    passed     97.70%
 265  gi|1789129860|gb|MN893979.1|      35.94%    passed     62.17%
 266  gi|1789129859|gb|MN893978.1|      35.88%    passed     87.37%
 267  gi|1789129858|gb|MN893977.1|      36.21%    passed     30.82%
 268  gi|1789129857|gb|MN893976.1|      36.16%    passed     27.71%
 269  gi|1789129856|gb|MN893975.1|      36.16%    passed     31.37%
 270  gi|1789129855|gb|MN893974.1|      35.88%    passed     41.70%
 271  gi|1789129854|gb|MN893973.1|      36.16%    passed     56.77%
 272  gi|1789129853|gb|MN893972.1|      37.15%    passed     55.38%
 273  gi|1789129852|gb|MN893971.1|      36.16%    passed     24.82%
 274  gi|1789129851|gb|MN893970.1|      36.27%    failed      4.82%
 275  gi|1789129850|gb|MN893969.1|      35.88%    passed     57.15%
 276  gi|1955180898|gb|MW465306.1|      27.35%    passed     35.89%
 277  gi|1953646671|ref|NR_171489.1|    14.62%    passed     49.85%
 278  gi|1952961530|dbj|LC586327.1|     53.99%    passed     74.48%
 279  gi|1952961525|dbj|LC586326.1|     53.99%    passed     74.48%
 280  gi|1456010859|gb|MG490168.3|      14.62%    passed     49.85%
 281  gi|1028052789|gb|KU371680.1|      60.13%    passed     22.40%
 282  gi|1028052785|gb|KU371676.1|      60.13%    passed     71.64%
 283  gi|1028052452|gb|KU371343.1|      62.24%    passed     38.84%
 284  gi|1028052385|gb|KU371276.1|      59.36%    passed     46.62%
 285  gi|1028052234|gb|KU371125.1|      58.25%    passed     67.89%
 286  gi|1028052225|gb|KU371116.1|      55.48%    passed     42.49%
 287  gi|1028052224|gb|KU371115.1|      57.20%    passed     43.35%
 288  gi|1028052221|gb|KU371112.1|      57.36%    passed     70.16%
 289  gi|1028052142|gb|KU371033.1|      59.14%    passed     59.68%
 290  gi|1028052122|gb|KU371013.1|      60.02%    passed     70.19%
 291  gi|1028052118|gb|KU371009.1|      59.69%    passed     59.52%
 292  gi|1028052066|gb|KU370957.1|      57.92%    passed     87.03%
 293  gi|1028052017|gb|KU370908.1|      56.70%    passed     25.46%
 294  gi|1028051705|gb|KU370596.1|      61.24%    passed     34.23%
 295  gi|1028051642|gb|KU370533.1|      62.07%    passed     44.06%
 296  gi|1226859599|gb|KY468792.1|      15.39%    passed     75.70%
 297  gi|380844953|gb|JQ026794.1|       50.06%    passed     72.11%
 298  gi|380844952|gb|JQ026793.1|       50.00%    passed     69.89%
 299  gi|380844858|gb|JQ026699.1|       50.17%    passed     64.62%
 300  gi|380844846|gb|JQ026687.1|       50.44%    failed      0.00%
 301  gi|1581447884|gb|MK569697.1|      16.00%    failed      0.00%
 302  gi|380838146|gb|JN849367.1|       49.56%    passed     20.20%
 303  gi|380838142|gb|JN849363.1|       49.00%    passed     65.89%
 304  gi|380838118|gb|JN849339.1|       50.11%    passed     30.07%
 305  gi|380838117|gb|JN849338.1|       49.72%    passed     93.23%
 306  gi|380838109|gb|JN849330.1|       50.22%    passed     19.76%
 307  gi|380838055|gb|JN849276.1|       49.89%    passed     99.72%
 308  gi|380838036|gb|JN849257.1|       49.94%    passed     93.53%
 309  gi|1743647173|gb|MN477084.1|      20.87%    passed     98.60%
 310  gi|1909404372|ref|NR_170425.1|    17.55%    passed     79.90%
 311  gi|1906937585|gb|MW023105.1|      24.81%    passed     77.71%
 312  gi|1405457379|gb|MH493678.1|      17.55%    passed     79.90%
 313  gi|1886411125|gb|MT858149.1|      24.25%    passed     96.52%
 314  gi|1885537473|dbj|LC523982.1|     55.20%    failed      2.41%
 315  gi|1885537472|dbj|LC523981.1|     55.76%    passed     73.98%
 316  gi|1859896046|gb|MT645309.1|      18.00%    passed     72.18%
 317  gi|1859603987|gb|MT640289.1|      18.05%    passed     70.46%
 318  gi|389566055|gb|JF811509.1|       40.37%    passed     88.51%
 319  gi|389566033|gb|JF811487.1|       50.66%    passed     85.31%
 320  gi|389566009|gb|JF811463.1|       41.92%    passed     97.70%
 321  gi|389566005|gb|JF811459.1|       41.14%    passed     94.16%
 322  gi|389566004|gb|JF811458.1|       41.31%    passed     95.09%
 323  gi|386779853|gb|JF909023.1|       53.49%    passed     73.04%
 324  gi|386779832|gb|JF909002.1|       53.71%    passed     91.49%
 325  gi|386779819|gb|JF908989.1|       54.71%    passed     93.79%
 326  gi|1827287233|dbj|LC528171.1|     20.43%    passed     52.31%
 327  gi|1477051445|gb|MG001800.1|      40.20%    passed     88.14%
 328  gi|1795714497|emb|LR722957.1|     27.63%    failed      0.00%
 329  gi|1795714496|emb|LR722956.1|     21.43%    failed      0.00%
 330  gi|1491383902|gb|MK048516.1|      17.55%    passed     84.55%
 331  gi|1491383870|gb|MK048484.1|      17.55%    passed     84.55%
 332  gi|1782951659|dbj|AB832842.1|     65.67%    passed     85.16%
 333  gi|1782943202|dbj|AB836540.1|     65.73%    passed     57.64%
 334  gi|1782943201|dbj|AB836539.1|     65.01%    passed     67.41%
 335  gi|1782942954|dbj|AB836290.1|     64.67%    passed     71.30%
 336  gi|1782942939|dbj|AB836275.1|     64.78%    passed     67.87%
 337  gi|1782942486|dbj|AB835824.1|     65.61%    passed     23.21%
 338  gi|820661304|emb|LN835825.1|      53.49%    passed     72.75%
 339  gi|820661264|emb|LN835785.1|      54.98%    passed     35.79%
 340  gi|1584168252|gb|MK577312.1|      21.48%    passed     52.55%
 341  gi|1584168251|gb|MK577311.1|      22.04%    passed     47.74%
 342  gi|1584168250|gb|MK577310.1|      21.98%    passed     50.92%
 343  gi|1584168249|gb|MK577309.1|      20.43%    passed     57.58%
 344  gi|1584168248|gb|MK577308.1|      22.09%    passed     52.55%
 345  gi|1584168247|gb|MK577307.1|      22.09%    passed     52.66%
 346  gi|1584168246|gb|MK577306.1|      20.43%    passed     57.58%
 347  gi|1584168245|gb|MK577305.1|      22.04%    passed     52.25%
 348  gi|1584168244|gb|MK577304.1|      22.37%    passed     51.83%
 349  gi|1584168243|gb|MK577303.1|      22.04%    passed     51.81%
 350  gi|1776910718|gb|MN708151.1|      17.61%    passed     97.21%
 351  gi|1776910717|gb|MN708150.1|      60.30%    passed     37.29%
 352  gi|1776910700|gb|MN708133.1|      17.66%    passed     94.97%
 353  gi|1776910699|gb|MN708132.1|      17.66%    passed     96.20%
 354  gi|1776910698|gb|MN708131.1|      17.66%    passed     99.70%
 355  gi|1776910689|gb|MN708122.1|      17.77%    passed     99.82%
 356  gi|1776910645|gb|MN708078.1|      17.94%    passed     70.69%
 357  gi|1774753420|gb|MN685323.1|      19.77%    passed     64.76%
 358  gi|1585509891|gb|MK589050.1|      18.88%    passed     97.21%
 359  gi|1585509833|gb|MK588992.1|      18.94%    passed     95.66%
 360  gi|1585509827|gb|MK588986.1|      16.67%    passed     75.12%
 361  gi|1735092585|gb|MN412654.1|      16.33%    passed     89.31%
 362  gi|1707219994|gb|MN197844.1|      23.37%    passed     63.93%
 363  gi|1700657399|dbj|LC462750.1|     20.38%    passed     79.96%
 364  gi|1700657380|dbj|LC462731.1|     19.77%    passed     84.68%
 365  gi|1685831938|gb|MN072636.1|      23.20%    passed     74.28%
 366  gi|1679775927|ref|NR_163649.1|    19.38%    passed     13.12%
 367  gi|823328083|gb|KR108285.1|       19.38%    passed     13.12%
 368  gi|356874276|dbj|AB636073.1|      60.19%    passed     97.19%
 369  gi|356874156|dbj|AB635953.1|      62.85%    passed     13.53%
 370  gi|1445136077|ref|NR_158117.1|    20.99%    passed     98.68%
 371  gi|1441204259|ref|NR_157674.1|    18.88%    passed     75.86%
 372  gi|1384992381|ref|NR_156157.1|    17.94%    passed     70.38%
 373  gi|1315204026|ref|NR_152695.1|    20.38%    passed     55.21%
 374  gi|1277396196|ref|NR_151907.1|    14.06%    passed     96.26%
 375  gi|1277396195|ref|NR_151906.1|    14.06%    passed     95.27%
 376  gi|1270533030|ref|NR_126315.2|    15.23%    passed     37.91%
 377  gi|1270533029|ref|NR_126313.2|    15.23%    passed     28.02%
 378  gi|974142236|ref|NR_134756.1|     21.93%    failed      0.00%
 379  gi|959495030|ref|NR_133878.1|     21.48%    passed     98.15%
 380  gi|939733314|ref|NR_133041.1|     19.49%    passed     59.72%
 381  gi|699005445|ref|NR_126314.1|     14.40%    passed     56.15%
 382  gi|631251951|ref|NR_113149.1|     18.66%    passed     97.61%
 383  gi|631251950|ref|NR_113148.1|     19.32%    passed     99.95%
 384  gi|631251851|ref|NR_113049.1|     19.55%    passed     81.50%
 385  gi|343200938|ref|NR_041625.1|     18.16%    passed     96.21%
 386  gi|343200937|ref|NR_041624.1|     18.00%    passed     99.30%
 387  gi|343200936|ref|NR_041623.1|     18.44%    passed     99.83%
 388  gi|343200934|ref|NR_041621.1|     19.27%    passed     92.67%
 389  gi|1397641735|ref|NR_156844.1|    18.55%    passed     97.43%
 390  gi|1171002964|ref|NR_146349.1|    13.73%    passed     84.52%
 391  gi|566085532|ref|NR_109603.1|     22.87%    passed     53.70%
 392  gi|566085449|ref|NR_109500.1|     20.04%    passed     99.69%
 393  gi|566085392|ref|NR_109435.1|     18.77%    passed     87.57%
 394  gi|566084862|ref|NR_108295.1|     22.76%    passed     87.67%
 395  gi|343198864|ref|NR_043906.1|     18.05%    passed     72.29%
 396  gi|343200933|ref|NR_041620.1|     18.16%    passed     85.06%
 397  gi|343200809|ref|NR_041496.1|     19.32%    passed     65.81%
 398  gi|265678585|ref|NR_028890.1|     18.05%    passed     62.61%
 399  gi|1584414815|gb|MK578203.1|      20.60%    passed     60.94%
 400  gi|798974124|gb|KP418767.1|       65.56%    passed     64.62%
 401  gi|798974123|gb|KP418766.1|       65.56%    passed     68.77%
 402  gi|798974122|gb|KP418765.1|       65.56%    passed     68.47%
 403  gi|798974121|gb|KP418764.1|       65.56%    passed     64.62%
 404  gi|798974120|gb|KP418763.1|       65.56%    passed     65.88%
 405  gi|798974119|gb|KP418762.1|       65.56%    passed     64.62%
 406  gi|798974117|gb|KP418760.1|       65.56%    passed     65.19%
 407  gi|798974116|gb|KP418759.1|       65.56%    passed     66.13%
 408  gi|798974115|gb|KP418758.1|       65.56%    passed     68.47%
 409  gi|798974114|gb|KP418757.1|       65.56%    passed     68.77%
 410  gi|798974113|gb|KP418756.1|       65.56%    passed     67.65%
 411  gi|798974112|gb|KP418755.1|       65.56%    passed     67.65%
 412  gi|798974111|gb|KP418754.1|       65.56%    passed     68.47%
 413  gi|798974110|gb|KP418753.1|       65.56%    passed     68.47%
 414  gi|798974109|gb|KP418752.1|       65.56%    passed     57.81%
 415  gi|798974108|gb|KP418751.1|       65.56%    passed     57.49%
 416  gi|798974107|gb|KP418750.1|       65.56%    passed     63.33%
 417  gi|798974106|gb|KP418749.1|       65.56%    passed     63.33%
 418  gi|798974105|gb|KP418748.1|       65.56%    passed     59.92%
 419  gi|798974104|gb|KP418747.1|       65.56%    passed     61.43%
 420  gi|798974103|gb|KP418746.1|       65.56%    passed     59.92%
 421  gi|798974102|gb|KP418745.1|       65.61%    passed     65.23%
 422  gi|798974101|gb|KP418744.1|       65.56%    passed     63.33%
 423  gi|798974100|gb|KP418743.1|       65.56%    passed     59.92%
 424  gi|798974099|gb|KP418742.1|       65.56%    passed     59.92%
 425  gi|798974098|gb|KP418741.1|       65.56%    passed     59.92%
 426  gi|798974097|gb|KP418740.1|       65.56%    passed     57.98%
 427  gi|798974096|gb|KP418739.1|       65.56%    passed     59.92%
 428  gi|798974095|gb|KP418738.1|       92.30%    passed     94.08%
WARNING: 131 sequences contain more than 50% gaps/ambiguity
****  TOTAL                             35.55%  12 sequences failed composition chi2 test (p-value<5%; df=3)
NOTE: gi|134020279|gb|EF018855.1| is identical to gi|134020429|gb|EF019005.1| but kept for subsequent analysis
NOTE: gi|134020012|gb|EF018588.1| is identical to gi|134020095|gb|EF018671.1| but kept for subsequent analysis
NOTE: gi|134019832|gb|EF018408.1| is identical to gi|134019838|gb|EF018414.1| but kept for subsequent analysis
NOTE: gi|631251851|ref|NR_113049.1| is identical to gi|285026246|dbj|AB543684.1| but kept for subsequent analysis
NOTE: gi|662246210|gb|KJ721192.1| is identical to gi|1679775924|ref|NR_163646.1| but kept for subsequent analysis
NOTE: gi|2438344825|gb|OQ363319.1| is identical to gi|2621112363|ref|NR_189267.1| but kept for subsequent analysis
NOTE: gi|133930775|gb|EF127896.1| is identical to gi|2621112277|ref|NR_189180.1| but kept for subsequent analysis
NOTE: gi|2552712980|gb|OR350680.1| is identical to gi|2552713098|gb|OR350785.1| but kept for subsequent analysis
NOTE: gi|1994676320|gb|MW663766.1| is identical to gi|2463901800|ref|NR_184615.1| but kept for subsequent analysis
NOTE: gi|1906937585|gb|MW023105.1| is identical to gi|2363086362|ref|NR_181433.1| but kept for subsequent analysis
NOTE: gi|1774753420|gb|MN685323.1| is identical to gi|2363085376|ref|NR_180936.1| but kept for subsequent analysis
NOTE: gi|1735092585|gb|MN412654.1| is identical to gi|2363084998|ref|NR_180747.1| but kept for subsequent analysis
NOTE: gi|1707219994|gb|MN197844.1| is identical to gi|2363084896|ref|NR_180696.1| but kept for subsequent analysis
NOTE: gi|1433046698|gb|MG799125.1| is identical to gi|2260349445|ref|NR_176527.1| but kept for subsequent analysis
NOTE: gi|1789276709|gb|MN897724.1| is identical to gi|2136551614|ref|NR_173618.1| but kept for subsequent analysis
NOTE: gi|1456010859|gb|MG490168.3| is identical to gi|1953646671|ref|NR_171489.1| but kept for subsequent analysis
NOTE: gi|1952961525|dbj|LC586326.1| is identical to gi|1952961530|dbj|LC586327.1| but kept for subsequent analysis
NOTE: gi|1405457379|gb|MH493678.1| is identical to gi|1909404372|ref|NR_170425.1| but kept for subsequent analysis
NOTE: gi|1584168246|gb|MK577306.1| is identical to gi|1584168249|gb|MK577309.1| but kept for subsequent analysis
NOTE: gi|823328083|gb|KR108285.1| is identical to gi|1679775927|ref|NR_163649.1| but kept for subsequent analysis
NOTE: gi|798974121|gb|KP418764.1| is identical to gi|798974124|gb|KP418767.1| but kept for subsequent analysis
NOTE: gi|798974114|gb|KP418757.1| is identical to gi|798974123|gb|KP418766.1| but kept for subsequent analysis
NOTE: gi|798974110|gb|KP418753.1| is identical to gi|798974122|gb|KP418765.1| but kept for subsequent analysis
NOTE: gi|798974101|gb|KP418744.1| is identical to gi|798974107|gb|KP418750.1| but kept for subsequent analysis
NOTE: gi|798974103|gb|KP418746.1| is identical to gi|798974105|gb|KP418748.1| but kept for subsequent analysis
NOTE: 6 identical sequences (see below) will be ignored for subsequent analysis
NOTE: gi|2552712974|gb|OR350674.1| (identical to gi|2552713098|gb|OR350785.1|) is ignored but added at the end
NOTE: gi|2552712973|gb|OR350673.1| (identical to gi|2552713098|gb|OR350785.1|) is ignored but added at the end
NOTE: gi|798974119|gb|KP418762.1| (identical to gi|798974124|gb|KP418767.1|) is ignored but added at the end
NOTE: gi|798974100|gb|KP418743.1| (identical to gi|798974105|gb|KP418748.1|) is ignored but added at the end
NOTE: gi|798974098|gb|KP418741.1| (identical to gi|798974105|gb|KP418748.1|) is ignored but added at the end
NOTE: gi|798974096|gb|KP418739.1| (identical to gi|798974105|gb|KP418748.1|) is ignored but added at the end
Alignment was printed to alignment.fasta.uniqueseq.phy

For your convenience alignment with unique sequences printed to alignment.fasta.uniqueseq.phy

CHECKPOINT: Initial tree restored
Generating 1000 samples for ultrafast bootstrap (seed: 215507)...
CHECKPOINT: 1000 UFBoot trees and 1 UFBootSplits restored

NOTE: 98 MB RAM (0 GB) is required!
CHECKPOINT: Model parameters restored, LogL: -105002.601
Wrote distance file to... 
--------------------------------------------------------------------
|             INITIALIZING CANDIDATE TREE SET                      |
--------------------------------------------------------------------
CHECKPOINT: Candidate tree set restored, best LogL: -105002.601
Finish initializing candidate tree set (20)
Current best tree score: -105002.601 / CPU time: 0.000
Number of iterations: 57
--------------------------------------------------------------------
|               OPTIMIZING CANDIDATE TREE SET                      |
--------------------------------------------------------------------
Estimate model parameters (epsilon = 0.100)
BETTER TREE FOUND at iteration 60: -104995.726
Iteration 60 / LogL: -104995.726 / Time: 0h:0m:10s (0h:0m:18s left)
Iteration 70 / LogL: -105046.682 / Time: 0h:0m:53s (0h:1m:9s left)
Iteration 80 / LogL: -105088.039 / Time: 0h:1m:36s (0h:1m:37s left)
Iteration 90 / LogL: -105074.234 / Time: 0h:2m:16s (0h:1m:47s left)
Iteration 100 / LogL: -105008.109 / Time: 0h:2m:57s (0h:1m:47s left)
Log-likelihood cutoff on original alignment: -105175.485
NOTE: Bootstrap correlation coefficient of split occurrence frequencies: 0.957
NOTE: UFBoot does not converge, continue at least 100 more iterations
Iteration 110 / LogL: -105006.728 / Time: 0h:3m:39s (0h:3m:0s left)
Iteration 120 / LogL: -105093.905 / Time: 0h:4m:20s (0h:2m:55s left)
Iteration 130 / LogL: -105026.182 / Time: 0h:5m:3s (0h:2m:44s left)
Iteration 140 / LogL: -105044.937 / Time: 0h:5m:45s (0h:2m:29s left)
Estimate model parameters (epsilon = 0.100)
BETTER TREE FOUND at iteration 142: -104993.863
Iteration 150 / LogL: -105008.679 / Time: 0h:6m:23s (0h:3m:56s left)
Log-likelihood cutoff on original alignment: -105175.485
Iteration 160 / LogL: -105096.517 / Time: 0h:7m:3s (0h:3m:38s left)
Iteration 170 / LogL: -105012.521 / Time: 0h:7m:42s (0h:3m:16s left)
Iteration 180 / LogL: -105193.967 / Time: 0h:8m:22s (0h:2m:54s left)
Iteration 190 / LogL: -105107.537 / Time: 0h:9m:5s (0h:2m:30s left)
Iteration 200 / LogL: -105026.440 / Time: 0h:9m:42s (0h:2m:2s left)
Log-likelihood cutoff on original alignment: -105175.485
NOTE: Bootstrap correlation coefficient of split occurrence frequencies: 0.997
Estimate model parameters (epsilon = 0.100)
BETTER TREE FOUND at iteration 204: -104988.062
Estimate model parameters (epsilon = 0.100)
BETTER TREE FOUND at iteration 210: -104987.568
Iteration 210 / LogL: -104987.568 / Time: 0h:10m:27s (0h:5m:0s left)
Iteration 220 / LogL: -105067.800 / Time: 0h:11m:5s (0h:4m:33s left)
Iteration 230 / LogL: -105003.040 / Time: 0h:11m:51s (0h:4m:8s left)
Iteration 240 / LogL: -104996.995 / Time: 0h:12m:33s (0h:3m:40s left)
Estimate model parameters (epsilon = 0.100)
BETTER TREE FOUND at iteration 250: -104980.790
Iteration 250 / LogL: -104980.790 / Time: 0h:13m:14s (0h:5m:18s left)
Log-likelihood cutoff on original alignment: -105175.485
Iteration 260 / LogL: -105029.154 / Time: 0h:13m:55s (0h:4m:50s left)
Iteration 270 / LogL: -105001.394 / Time: 0h:14m:36s (0h:4m:20s left)
Iteration 280 / LogL: -104981.032 / Time: 0h:15m:18s (0h:3m:50s left)
Estimate model parameters (epsilon = 0.100)
BETTER TREE FOUND at iteration 287: -104968.862
Iteration 290 / LogL: -104973.996 / Time: 0h:16m:5s (0h:5m:24s left)
Estimate model parameters (epsilon = 0.100)
BETTER TREE FOUND at iteration 298: -104958.018
Iteration 300 / LogL: -104977.029 / Time: 0h:16m:44s (0h:5m:29s left)
Log-likelihood cutoff on original alignment: -105175.485
NOTE: Bootstrap correlation coefficient of split occurrence frequencies: 0.992
Estimate model parameters (epsilon = 0.100)
BETTER TREE FOUND at iteration 310: -104956.854
Iteration 310 / LogL: -104956.854 / Time: 0h:17m:25s (0h:5m:38s left)
Iteration 320 / LogL: -105098.715 / Time: 0h:18m:7s (0h:5m:6s left)
Iteration 330 / LogL: -104996.573 / Time: 0h:18m:54s (0h:4m:35s left)
Iteration 340 / LogL: -105025.838 / Time: 0h:19m:36s (0h:4m:2s left)
Iteration 350 / LogL: -105006.085 / Time: 0h:20m:23s (0h:3m:30s left)
Log-likelihood cutoff on original alignment: -105175.485
Iteration 360 / LogL: -104983.691 / Time: 0h:21m:5s (0h:2m:56s left)
Iteration 370 / LogL: -104981.167 / Time: 0h:21m:47s (0h:2m:21s left)
Iteration 380 / LogL: -105048.498 / Time: 0h:22m:28s (0h:1m:46s left)
Estimate model parameters (epsilon = 0.100)
BETTER TREE FOUND at iteration 382: -104955.698
Iteration 390 / LogL: -105241.944 / Time: 0h:23m:10s (0h:5m:28s left)
Iteration 400 / LogL: -104987.427 / Time: 0h:23m:52s (0h:4m:54s left)
Log-likelihood cutoff on original alignment: -105175.485
NOTE: Bootstrap correlation coefficient of split occurrence frequencies: 0.986
NOTE: UFBoot does not converge, continue at least 100 more iterations
Estimate model parameters (epsilon = 0.100)
BETTER TREE FOUND at iteration 402: -104952.755
Iteration 410 / LogL: -104976.227 / Time: 0h:24m:37s (0h:5m:32s left)
Iteration 420 / LogL: -105043.126 / Time: 0h:25m:22s (0h:4m:57s left)
Iteration 430 / LogL: -104979.683 / Time: 0h:26m:3s (0h:4m:22s left)
Estimate model parameters (epsilon = 0.100)
BETTER TREE FOUND at iteration 435: -104950.933
Iteration 440 / LogL: -105016.160 / Time: 0h:26m:46s (0h:5m:47s left)
Iteration 450 / LogL: -105030.535 / Time: 0h:27m:29s (0h:5m:12s left)
Log-likelihood cutoff on original alignment: -105175.485
Estimate model parameters (epsilon = 0.100)
BETTER TREE FOUND at iteration 455: -104947.237
Iteration 460 / LogL: -105020.666 / Time: 0h:28m:13s (0h:5m:50s left)
Iteration 470 / LogL: -105010.556 / Time: 0h:28m:54s (0h:5m:14s left)
Estimate model parameters (epsilon = 0.100)
BETTER TREE FOUND at iteration 472: -104944.522
Iteration 480 / LogL: -105051.002 / Time: 0h:29m:41s (0h:5m:42s left)
Iteration 490 / LogL: -104955.674 / Time: 0h:30m:24s (0h:5m:5s left)
Estimate model parameters (epsilon = 0.100)
BETTER TREE FOUND at iteration 494: -104935.424
Iteration 500 / LogL: -105171.340 / Time: 0h:31m:6s (0h:5m:51s left)
Log-likelihood cutoff on original alignment: -105175.485
NOTE: Bootstrap correlation coefficient of split occurrence frequencies: 0.984
NOTE: UFBoot does not converge, continue at least 100 more iterations
Estimate model parameters (epsilon = 0.100)
BETTER TREE FOUND at iteration 509: -104934.117
Iteration 510 / LogL: -104971.599 / Time: 0h:31m:51s (0h:6m:11s left)
Iteration 520 / LogL: -104952.257 / Time: 0h:32m:31s (0h:5m:34s left)
Iteration 530 / LogL: -105041.904 / Time: 0h:33m:19s (0h:4m:58s left)
Estimate model parameters (epsilon = 0.100)
BETTER TREE FOUND at iteration 537: -104933.465
Iteration 540 / LogL: -104966.163 / Time: 0h:34m:2s (0h:6m:7s left)
Iteration 550 / LogL: -104943.803 / Time: 0h:34m:50s (0h:5m:31s left)
Log-likelihood cutoff on original alignment: -105175.485
Estimate model parameters (epsilon = 0.100)
BETTER TREE FOUND at iteration 560: -104933.354
Iteration 560 / LogL: -104933.354 / Time: 0h:35m:33s (0h:6m:21s left)
Iteration 570 / LogL: -105067.521 / Time: 0h:36m:12s (0h:5m:43s left)
Estimate model parameters (epsilon = 0.100)
BETTER TREE FOUND at iteration 573: -104927.222
Estimate model parameters (epsilon = 0.100)
BETTER TREE FOUND at iteration 578: -104923.887
Iteration 580 / LogL: -104940.360 / Time: 0h:37m:0s (0h:6m:15s left)
Iteration 590 / LogL: -105132.344 / Time: 0h:37m:41s (0h:5m:37s left)
Iteration 600 / LogL: -105005.477 / Time: 0h:38m:23s (0h:4m:59s left)
Log-likelihood cutoff on original alignment: -105175.485
NOTE: Bootstrap correlation coefficient of split occurrence frequencies: 0.989
NOTE: UFBoot does not converge, continue at least 100 more iterations
Iteration 610 / LogL: -105055.291 / Time: 0h:39m:10s (0h:5m:47s left)
Iteration 620 / LogL: -105158.969 / Time: 0h:39m:54s (0h:5m:9s left)
Iteration 630 / LogL: -104972.181 / Time: 0h:40m:35s (0h:4m:31s left)
Iteration 640 / LogL: -104987.240 / Time: 0h:41m:19s (0h:3m:52s left)
Iteration 650 / LogL: -104941.753 / Time: 0h:42m:2s (0h:3m:14s left)
Log-likelihood cutoff on original alignment: -105175.485
Iteration 660 / LogL: -104974.042 / Time: 0h:42m:47s (0h:2m:35s left)
Iteration 670 / LogL: -105054.429 / Time: 0h:43m:31s (0h:1m:57s left)
Iteration 680 / LogL: -105145.337 / Time: 0h:44m:14s (0h:1m:18s left)
Iteration 690 / LogL: -104963.971 / Time: 0h:44m:54s (0h:0m:39s left)
Iteration 700 / LogL: -104930.020 / Time: 0h:45m:37s (0h:0m:0s left)
Log-likelihood cutoff on original alignment: -105175.485
NOTE: Bootstrap correlation coefficient of split occurrence frequencies: 0.991
TREE SEARCH COMPLETED AFTER 700 ITERATIONS / Time: 0h:45m:38s

--------------------------------------------------------------------
|                    FINALIZING TREE SEARCH                        |
--------------------------------------------------------------------
Performs final model parameters optimization
Estimate model parameters (epsilon = 0.010)
1. Initial log-likelihood: -104923.887
Optimal log-likelihood: -104923.886
Rate parameters:  A-C: 0.90068  A-G: 2.18168  A-T: 1.41356  C-G: 0.91988  C-T: 3.78485  G-T: 1.00000
Base frequencies:  A: 0.253  C: 0.233  G: 0.314  T: 0.201
Gamma shape alpha: 0.619
Parameters optimization took 1 rounds (0.253 sec)
BEST SCORE FOUND : -104923.886
Creating bootstrap support values...
Split supports printed to NEXUS file alignment.fasta.splits.nex
Total tree length: 69.415

Total number of iterations: 700
CPU time used for tree search: 21241.028 sec (5h:54m:1s)
Wall-clock time used for tree search: 2738.799 sec (0h:45m:38s)
Total CPU time used: 21244.680 sec (5h:54m:4s)
Total wall-clock time used: 2740.496 sec (0h:45m:40s)

Computing bootstrap consensus tree...
Reading input file alignment.fasta.splits.nex...
422 taxa and 3167 splits.
Consensus tree written to alignment.fasta.contree
Reading input trees file alignment.fasta.contree
Log-likelihood of consensus tree: -104946.446

Analysis results written to: 
  IQ-TREE report:                alignment.fasta.iqtree
  Maximum-likelihood tree:       alignment.fasta.treefile
  Likelihood distances:          alignment.fasta.mldist

Ultrafast bootstrap approximation results written to:
  Split support values:          alignment.fasta.splits.nex
  Consensus tree:                alignment.fasta.contree
  Screen log file:               alignment.fasta.log

Date and Time: Thu Jun 20 21:11:30 2024
