IQ-TREE multicore version 2.3.4 COVID-edition for Linux x86 64-bit built Jun 18 2024
Developed by Bui Quang Minh, James Barbetti, Nguyen Lam Tung, Olga Chernomor,
Heiko Schmidt, Dominik Schrempf, Michael Woodhams, Ly Trong Nhan, Thomas Wong

Host:    stark12-server (AVX2, FMA3, 2003 GB RAM)
Command: iqtree -s sequence.fasta -m GTR+G -bb 1000
Seed:    784540 (Using SPRNG - Scalable Parallel Random Number Generator)
Time:    Thu Jun 20 19:53:59 2024
Kernel:  AVX+FMA - 1 threads (256 CPU cores detected)

HINT: Use -nt option to specify number of threads because your CPU has 256 cores!
HINT: -nt AUTO will automatically determine the best number of threads to use.

Reading alignment file sequence.fasta ... Fasta format detected
Reading fasta file: done in 0.010044 secs using 55.71% CPU
ERROR: Sequence gi|1407422688|gb|KT122326.1| contains too many characters (1529)
ERROR: Sequence gi|1407422658|gb|KT122296.1| contains too many characters (1529)
ERROR: Sequence gi|1407422572|gb|KT122210.1| contains too many characters (1536)
ERROR: Sequence gi|1407422556|gb|KT122194.1| contains too many characters (1525)
ERROR: Sequence gi|1407422542|gb|KT122180.1| contains too many characters (1522)
ERROR: Sequence gi|1407422501|gb|KT122139.1| contains too many characters (1523)
ERROR: Sequence gi|1407422494|gb|KT122132.1| contains too many characters (1534)
ERROR: Sequence gi|1407422488|gb|KT122126.1| contains too many characters (1526)
ERROR: Sequence gi|224496750|gb|FJ745059.1| contains not enough characters (1377)
ERROR: Sequence gi|224496738|gb|FJ745047.1| contains not enough characters (1377)
ERROR: Sequence gi|224496677|gb|FJ744986.1| contains not enough characters (1343)
ERROR: Sequence gi|224496632|gb|FJ744941.1| contains not enough characters (1379)
ERROR: Sequence gi|224496454|gb|FJ744763.1| contains not enough characters (1371)
ERROR: Sequence gi|290565106|gb|GU552210.1| contains not enough characters (881)
ERROR: Sequence gi|290565066|gb|GU552170.1| contains not enough characters (922)
ERROR: Sequence gi|134021608|gb|EF020184.1| contains not enough characters (1406)
ERROR: Sequence gi|134021538|gb|EF020114.1| contains not enough characters (1411)
ERROR: Sequence gi|134021503|gb|EF020079.1| contains not enough characters (1417)
ERROR: Sequence gi|134021112|gb|EF019688.1| contains not enough characters (1411)
ERROR: Sequence gi|134020911|gb|EF019487.1| contains not enough characters (1418)
ERROR: Sequence gi|134020861|gb|EF019437.1| contains not enough characters (1411)
ERROR: Sequence gi|134020553|gb|EF019129.1| contains not enough characters (1407)
ERROR: Sequence gi|134020550|gb|EF019126.1| contains not enough characters (1414)
ERROR: Sequence gi|134020545|gb|EF019121.1| contains not enough characters (1389)
ERROR: Sequence gi|134020483|gb|EF019059.1| contains not enough characters (1381)
ERROR: Sequence gi|134020429|gb|EF019005.1| contains not enough characters (1410)
ERROR: Sequence gi|134020346|gb|EF018922.1| contains not enough characters (1410)
ERROR: Sequence gi|134020300|gb|EF018876.1| contains not enough characters (1358)
ERROR: Sequence gi|134020279|gb|EF018855.1| contains not enough characters (1410)
ERROR: Sequence gi|134020232|gb|EF018808.1| contains not enough characters (1412)
ERROR: Sequence gi|134020192|gb|EF018768.1| contains not enough characters (1410)
ERROR: Sequence gi|134020190|gb|EF018766.1| contains not enough characters (1385)
ERROR: Sequence gi|134020095|gb|EF018671.1| contains not enough characters (1411)
ERROR: Sequence gi|134020012|gb|EF018588.1| contains not enough characters (1411)
ERROR: Sequence gi|134020006|gb|EF018582.1| contains not enough characters (1404)
ERROR: Sequence gi|134019981|gb|EF018557.1| contains not enough characters (1409)
ERROR: Sequence gi|134019948|gb|EF018524.1| contains not enough characters (1409)
ERROR: Sequence gi|134019936|gb|EF018512.1| contains not enough characters (1411)
ERROR: Sequence gi|134019934|gb|EF018510.1| contains not enough characters (1407)
ERROR: Sequence gi|134019908|gb|EF018484.1| contains not enough characters (1412)
ERROR: Sequence gi|134019906|gb|EF018482.1| contains not enough characters (1411)
ERROR: Sequence gi|134019896|gb|EF018472.1| contains not enough characters (1409)
ERROR: Sequence gi|134019891|gb|EF018467.1| contains not enough characters (1406)
ERROR: Sequence gi|134019839|gb|EF018415.1| contains not enough characters (1461)
ERROR: Sequence gi|134019838|gb|EF018414.1| contains not enough characters (1411)
ERROR: Sequence gi|134019836|gb|EF018412.1| contains not enough characters (1411)
ERROR: Sequence gi|134019832|gb|EF018408.1| contains not enough characters (1411)
ERROR: Sequence gi|134019726|gb|EF018302.1| contains not enough characters (1408)
ERROR: Sequence gi|134019683|gb|EF018259.1| contains not enough characters (1412)
ERROR: Sequence gi|134019650|gb|EF018226.1| contains not enough characters (1412)
ERROR: Sequence gi|134019580|gb|EF018156.1| contains not enough characters (1412)
ERROR: Sequence gi|18151423|dbj|AB077355.1| contains not enough characters (967)
ERROR: Sequence gi|342357819|gb|JN233107.1| contains not enough characters (1464)
ERROR: Sequence gi|2642122716|dbj|LC792610.1| contains not enough characters (1460)
ERROR: Sequence gi|68159926|gb|DQ084319.1| contains not enough characters (814)
ERROR: Sequence gi|68159925|gb|DQ084318.1| contains not enough characters (831)
ERROR: Sequence gi|68159917|gb|DQ084310.1| contains not enough characters (837)
ERROR: Sequence gi|68159914|gb|DQ084307.1| contains not enough characters (815)
ERROR: Sequence gi|68159913|gb|DQ084306.1| contains not enough characters (856)
ERROR: Sequence gi|68159910|gb|DQ084303.1| contains not enough characters (851)
ERROR: Sequence gi|68159885|gb|DQ084278.1| contains not enough characters (837)
ERROR: Sequence gi|68159879|gb|DQ084272.1| contains not enough characters (841)
ERROR: Sequence gi|914047482|dbj|LC071790.1| contains not enough characters (1425)
ERROR: Sequence gi|772519785|gb|KP713739.1| contains not enough characters (699)
ERROR: Sequence gi|772519784|gb|KP713738.1| contains not enough characters (691)
ERROR: Sequence gi|513798112|gb|KF001583.1| contains not enough characters (903)
ERROR: Sequence gi|513798101|gb|KF001572.1| contains not enough characters (913)
ERROR: Sequence gi|425917045|gb|JX647706.1| contains not enough characters (1501)
ERROR: Sequence gi|312861082|gb|HM750130.1| contains not enough characters (1333)
ERROR: Sequence gi|312861030|gb|HM750078.1| contains not enough characters (1490)
ERROR: Sequence gi|312861021|gb|HM750069.1| contains not enough characters (1490)
ERROR: Sequence gi|385867415|gb|JQ772322.1| contains not enough characters (670)
ERROR: Sequence gi|385867389|gb|JQ772296.1| contains not enough characters (689)
ERROR: Sequence gi|385867372|gb|JQ772279.1| contains not enough characters (670)
ERROR: Sequence gi|385867279|gb|JQ772232.1| contains not enough characters (640)
ERROR: Sequence gi|186926493|gb|EU635440.1| contains not enough characters (799)
ERROR: Sequence gi|186926469|gb|EU635416.1| contains not enough characters (780)
ERROR: Sequence gi|186926206|gb|EU635153.1| contains not enough characters (788)
ERROR: Sequence gi|186926205|gb|EU635152.1| contains not enough characters (780)
ERROR: Sequence gi|186925989|gb|EU634936.1| contains not enough characters (772)
ERROR: Sequence gi|186925968|gb|EU634915.1| contains not enough characters (772)
ERROR: Sequence gi|186925927|gb|EU634874.1| contains not enough characters (799)
ERROR: Sequence gi|186925682|gb|EU634629.1| contains not enough characters (790)
ERROR: Sequence gi|186925674|gb|EU634621.1| contains not enough characters (798)
ERROR: Sequence gi|186923713|gb|EU632660.1| contains not enough characters (617)
ERROR: Sequence gi|186923008|gb|EU631955.1| contains not enough characters (786)
ERROR: Sequence gi|186923007|gb|EU631954.1| contains not enough characters (790)
ERROR: Sequence gi|186923006|gb|EU631953.1| contains not enough characters (775)
ERROR: Sequence gi|328835083|gb|JF508322.1| contains not enough characters (734)
ERROR: Sequence gi|328835072|gb|JF508311.1| contains not enough characters (744)
ERROR: Sequence gi|328835068|gb|JF508307.1| contains not enough characters (748)
ERROR: Sequence gi|328835056|gb|JF508295.1| contains not enough characters (739)
ERROR: Sequence gi|328835048|gb|JF508287.1| contains not enough characters (741)
ERROR: Sequence gi|328835035|gb|JF508274.1| contains not enough characters (750)
ERROR: Sequence gi|254558415|gb|GQ287495.1| contains not enough characters (1021)
ERROR: Sequence gi|254558395|gb|GQ287475.1| contains not enough characters (1033)
ERROR: Sequence gi|254558379|gb|GQ287459.1| contains not enough characters (1037)
ERROR: Sequence gi|151655714|gb|EU012249.1| contains not enough characters (1052)
ERROR: Sequence gi|258598435|gb|GQ453254.1| contains not enough characters (873)
ERROR: Sequence gi|258598315|gb|GQ453134.1| contains not enough characters (870)
ERROR: Sequence gi|258598216|gb|GQ453035.1| contains not enough characters (873)
ERROR: Sequence gi|212725331|gb|FJ405899.1| contains not enough characters (893)
ERROR: Sequence gi|212725320|gb|FJ405888.1| contains not enough characters (1497)
ERROR: Sequence gi|175940840|gb|EU530165.1| contains not enough characters (935)
ERROR: Sequence gi|167405787|gb|EU418487.1| contains not enough characters (606)
ERROR: Sequence gi|167405776|gb|EU418476.1| contains not enough characters (706)
ERROR: Sequence gi|157704194|gb|EU019404.1| contains not enough characters (604)
ERROR: Sequence gi|150964933|gb|AY874111.2| contains not enough characters (1086)
ERROR: Sequence gi|150964914|gb|AY874089.2| contains not enough characters (1050)
ERROR: Sequence gi|110747096|gb|DQ811931.1| contains not enough characters (1508)
ERROR: Sequence gi|110747095|gb|DQ811930.1| contains too many characters (1557)
ERROR: Sequence gi|109727766|gb|DQ648947.1| contains not enough characters (1180)
ERROR: Sequence gi|109727765|gb|DQ648946.1| contains not enough characters (1176)
ERROR: Sequence gi|109727764|gb|DQ648945.1| contains not enough characters (1170)
ERROR: Sequence gi|109727763|gb|DQ648944.1| contains not enough characters (1177)
ERROR: Sequence gi|109727762|gb|DQ648943.1| contains not enough characters (1176)
ERROR: Sequence gi|109727761|gb|DQ648942.1| contains not enough characters (1180)
ERROR: Sequence gi|109727760|gb|DQ648941.1| contains not enough characters (1180)
ERROR: Sequence gi|109727759|gb|DQ648940.1| contains not enough characters (1158)
ERROR: Sequence gi|109727758|gb|DQ648939.1| contains not enough characters (1158)
ERROR: Sequence gi|89001548|gb|DQ395040.1| contains too many characters (1518)
ERROR: Sequence gi|56410869|gb|AY222315.1| contains too many characters (1532)
ERROR: Sequence gi|54398857|gb|AY632037.1| contains not enough characters (670)
ERROR: Sequence gi|48773122|gb|AY628675.1| contains not enough characters (674)
ERROR: Sequence gi|46560410|gb|AY534046.1| contains not enough characters (741)
ERROR: Sequence gi|46560409|gb|AY534045.1| contains not enough characters (739)
ERROR: Sequence gi|46560408|gb|AY534044.1| contains not enough characters (728)
ERROR: Sequence gi|46560407|gb|AY534043.1| contains not enough characters (740)
ERROR: Sequence gi|46560406|gb|AY534042.1| contains not enough characters (698)
ERROR: Sequence gi|37959993|gb|AY254997.1| contains not enough characters (740)
ERROR: Sequence gi|37959992|gb|AY254996.1| contains not enough characters (1484)
ERROR: Sequence gi|15212616|gb|AY038743.1| contains not enough characters (613)
ERROR: Sequence gi|290752187|emb|FN646738.1| contains not enough characters (923)
ERROR: Sequence gi|290752186|emb|FN646737.1| contains not enough characters (919)
ERROR: Sequence gi|188011238|gb|EU682496.1| contains not enough characters (1379)
ERROR: Sequence gi|285026247|dbj|AB543685.1| contains not enough characters (1437)
ERROR: Sequence gi|285026246|dbj|AB543684.1| contains not enough characters (1453)
ERROR: Sequence gi|285026244|dbj|AB543682.1| contains not enough characters (1453)
ERROR: Sequence gi|285026243|dbj|AB543681.1| contains not enough characters (1451)
ERROR: Sequence gi|267288505|gb|GU112195.1| contains too many characters (1528)
ERROR: Sequence gi|152002650|dbj|AB331894.1| contains not enough characters (1482)
ERROR: Sequence gi|152002648|dbj|AB331892.1| contains not enough characters (1472)
ERROR: Sequence gi|152002647|dbj|AB331891.1| contains not enough characters (1452)
ERROR: Sequence gi|152002643|dbj|AB331887.1| contains not enough characters (1480)
ERROR: Sequence gi|164598055|gb|EU372824.1| contains not enough characters (974)
ERROR: Sequence gi|50659784|gb|AY678501.1| contains not enough characters (658)
ERROR: Sequence gi|50659777|gb|AY678494.1| contains not enough characters (643)
ERROR: Sequence gi|52083002|gb|AY743358.1| contains not enough characters (831)
ERROR: Sequence gi|1498424|gb|U62853.1|UEU62853 contains not enough characters (977)
ERROR: Sequence gi|1498421|gb|U62850.1|UEU62850 contains not enough characters (945)
ERROR: Sequence gi|1498416|gb|U62845.1|UEU62845 contains not enough characters (987)
ERROR: Sequence gi|1498414|gb|U62843.1|UEU62843 contains not enough characters (953)
ERROR: Sequence gi|1498408|gb|U62837.1|UEU62837 contains not enough characters (930)
ERROR: Sequence gi|1498397|gb|U62826.1|UEU62826 contains not enough characters (932)
ERROR: Sequence gi|1498396|gb|U62825.1|UEU62825 contains not enough characters (924)
ERROR: Sequence gi|2204107|emb|Y07576.1| contains too many characters (1528)
ERROR: Sequence gi|2740750754|gb|PP889714.1| contains not enough characters (1342)
ERROR: Sequence gi|2209039599|gb|ON006464.1| contains not enough characters (1430)
ERROR: Sequence gi|2701481242|gb|PP512788.1| contains not enough characters (1381)
ERROR: Sequence gi|2688961876|gb|PP406562.1| contains not enough characters (618)
ERROR: Sequence gi|2528217863|gb|OR196971.1| contains not enough characters (1364)
ERROR: Sequence gi|2528217861|gb|OR196970.1| contains not enough characters (1041)
ERROR: Sequence gi|2528217859|gb|OR196969.1| contains not enough characters (1350)
ERROR: Sequence gi|1679775924|ref|NR_163646.1| contains not enough characters (1368)
ERROR: Sequence gi|662246210|gb|KJ721192.1| contains not enough characters (1368)
ERROR: Sequence gi|2409876143|gb|OP984820.1| contains not enough characters (1400)
ERROR: Sequence gi|2621112363|ref|NR_189267.1| contains too many characters (1524)
ERROR: Sequence gi|2621112357|ref|NR_189261.1| contains too many characters (1559)
ERROR: Sequence gi|2621112277|ref|NR_189180.1| contains not enough characters (1414)
ERROR: Sequence gi|2438344825|gb|OQ363319.1| contains too many characters (1524)
ERROR: Sequence gi|2438344823|gb|OQ363318.1| contains not enough characters (1388)
ERROR: Sequence gi|2330562303|gb|OP858675.1| contains too many characters (1566)
ERROR: Sequence gi|133930775|gb|EF127896.1| contains not enough characters (1414)
ERROR: Sequence gi|2569219079|gb|OR481939.1| contains not enough characters (601)
ERROR: Sequence gi|2569219078|gb|OR481938.1| contains not enough characters (601)
ERROR: Sequence gi|2552713098|gb|OR350785.1| contains not enough characters (1433)
ERROR: Sequence gi|2552712980|gb|OR350680.1| contains not enough characters (1433)
ERROR: Sequence gi|2552712974|gb|OR350674.1| contains not enough characters (1433)
ERROR: Sequence gi|2552712973|gb|OR350673.1| contains not enough characters (1433)
ERROR: Sequence gi|2552712967|gb|OR350667.1| contains not enough characters (749)
ERROR: Sequence gi|2552712946|gb|OR350646.1| contains not enough characters (737)
ERROR: Sequence gi|2510073629|gb|OR045534.1| contains not enough characters (1434)
ERROR: Sequence gi|2499326881|gb|OQ913416.1| contains not enough characters (826)
ERROR: Sequence gi|2413992745|gb|OQ055083.1| contains not enough characters (1446)
ERROR: Sequence gi|2413992744|gb|OQ055082.1| contains not enough characters (1450)
ERROR: Sequence gi|2413992678|gb|OQ055017.1| contains not enough characters (1403)
ERROR: Sequence gi|2413992677|gb|OQ055016.1| contains not enough characters (1407)
ERROR: Sequence gi|2463901800|ref|NR_184615.1| contains not enough characters (1437)
ERROR: Sequence gi|2450068141|gb|OQ540538.1| contains not enough characters (781)
ERROR: Sequence gi|2447450763|gb|OQ472337.1| contains not enough characters (1434)
ERROR: Sequence gi|2442650069|gb|OQ422736.1| contains not enough characters (1488)
ERROR: Sequence gi|2442650046|gb|OQ422713.1| contains not enough characters (1491)
ERROR: Sequence gi|2289591950|dbj|LC711105.1| contains not enough characters (1437)
ERROR: Sequence gi|2413736652|gb|OQ034132.1| contains not enough characters (1422)
ERROR: Sequence gi|2363086362|ref|NR_181433.1| contains not enough characters (1358)
ERROR: Sequence gi|2363085376|ref|NR_180936.1| contains not enough characters (1449)
ERROR: Sequence gi|2363084998|ref|NR_180747.1| contains not enough characters (1511)
ERROR: Sequence gi|2363084896|ref|NR_180696.1| contains not enough characters (1384)
ERROR: Sequence gi|2318648167|gb|OP672403.1| contains not enough characters (1477)
ERROR: Sequence gi|1994676320|gb|MW663766.1| contains not enough characters (1437)
ERROR: Sequence gi|2096375360|gb|OK182312.1| contains not enough characters (945)
ERROR: Sequence gi|2096375305|gb|OK182257.1| contains not enough characters (947)
ERROR: Sequence gi|2096375294|gb|OK182246.1| contains not enough characters (943)
ERROR: Sequence gi|2096375278|gb|OK182230.1| contains not enough characters (919)
ERROR: Sequence gi|2096375202|gb|OK182154.1| contains not enough characters (947)
ERROR: Sequence gi|2096375053|gb|OK182005.1| contains not enough characters (940)
ERROR: Sequence gi|2293332973|gb|OP344214.1| contains not enough characters (1356)
ERROR: Sequence gi|2259607770|gb|ON845537.1| contains not enough characters (1480)
ERROR: Sequence gi|2260349445|ref|NR_176527.1| contains not enough characters (1480)
ERROR: Sequence gi|2232487226|gb|ON385897.1| contains not enough characters (793)
ERROR: Sequence gi|2180933987|gb|OM317068.1| contains not enough characters (827)
ERROR: Sequence gi|2176218778|gb|OM219020.1| contains too many characters (1548)
ERROR: Sequence gi|2163764033|gb|OL815028.1| contains not enough characters (1375)
ERROR: Sequence gi|2163764031|gb|OL815027.1| contains not enough characters (1358)
ERROR: Sequence gi|2163764029|gb|OL815026.1| contains not enough characters (1373)
ERROR: Sequence gi|2163764028|gb|OL815025.1| contains not enough characters (1383)
ERROR: Sequence gi|2163764026|gb|OL815024.1| contains not enough characters (1380)
ERROR: Sequence gi|2163764024|gb|OL815023.1| contains not enough characters (1376)
ERROR: Sequence gi|2136551614|ref|NR_173618.1| contains not enough characters (1507)
ERROR: Sequence gi|2129804677|gb|OL377901.1| contains too many characters (1518)
ERROR: Sequence gi|1433046698|gb|MG799125.1| contains not enough characters (1480)
ERROR: Sequence gi|1789276709|gb|MN897724.1| contains not enough characters (1507)
ERROR: Sequence gi|2116728087|gb|OK513264.1| contains not enough characters (1468)
ERROR: Sequence gi|2095683215|gb|OK147942.1| contains not enough characters (1473)
ERROR: Sequence gi|927585051|gb|KT730050.1| contains not enough characters (1470)
ERROR: Sequence gi|927585050|gb|KT730049.1| contains not enough characters (1415)
ERROR: Sequence gi|2067799188|gb|MZ569990.1| contains not enough characters (1424)
ERROR: Sequence gi|2024763155|gb|MW899582.1| contains not enough characters (1486)
ERROR: Sequence gi|2024763152|gb|MW899579.1| contains not enough characters (1491)
ERROR: Sequence gi|2022617060|gb|MW876297.1| contains not enough characters (1487)
ERROR: Sequence gi|2022617039|gb|MW876276.1| contains not enough characters (1487)
ERROR: Sequence gi|2022617028|gb|MW876265.1| contains not enough characters (1485)
ERROR: Sequence gi|2022617019|gb|MW876256.1| contains not enough characters (1488)
ERROR: Sequence gi|2021776907|gb|MW858415.1| contains not enough characters (1483)
ERROR: Sequence gi|2021776877|gb|MW858385.1| contains not enough characters (1478)
ERROR: Sequence gi|2021776872|gb|MW858380.1| contains not enough characters (1486)
ERROR: Sequence gi|2020638742|gb|MW845728.1| contains not enough characters (1480)
ERROR: Sequence gi|2019293957|gb|MW826629.1| contains not enough characters (1325)
ERROR: Sequence gi|1827552190|gb|MT274553.1| contains not enough characters (1408)
ERROR: Sequence gi|1827552189|gb|MT274552.1| contains not enough characters (1404)
ERROR: Sequence gi|1827552188|gb|MT274551.1| contains not enough characters (1408)
ERROR: Sequence gi|1827552187|gb|MT274550.1| contains too many characters (1517)
ERROR: Sequence gi|1827552186|gb|MT274549.1| contains too many characters (1518)
ERROR: Sequence gi|1827552185|gb|MT274548.1| contains too many characters (1518)
ERROR: Sequence gi|1827552184|gb|MT274547.1| contains too many characters (1518)
ERROR: Sequence gi|1789129878|gb|MN893997.1| contains not enough characters (1495)
ERROR: Sequence gi|1789129877|gb|MN893996.1| contains not enough characters (1499)
ERROR: Sequence gi|1789129876|gb|MN893995.1| contains not enough characters (1492)
ERROR: Sequence gi|1789129875|gb|MN893994.1| contains not enough characters (1493)
ERROR: Sequence gi|1789129874|gb|MN893993.1| contains not enough characters (1472)
ERROR: Sequence gi|1789129873|gb|MN893992.1| contains not enough characters (1497)
ERROR: Sequence gi|1789129872|gb|MN893991.1| contains not enough characters (1488)
ERROR: Sequence gi|1789129871|gb|MN893990.1| contains not enough characters (1487)
ERROR: Sequence gi|1789129870|gb|MN893989.1| contains not enough characters (1458)
ERROR: Sequence gi|1789129869|gb|MN893988.1| contains not enough characters (1476)
ERROR: Sequence gi|1789129868|gb|MN893987.1| contains not enough characters (1493)
ERROR: Sequence gi|1789129867|gb|MN893986.1| contains not enough characters (1474)
ERROR: Sequence gi|1789129866|gb|MN893985.1| contains not enough characters (1153)
ERROR: Sequence gi|1789129865|gb|MN893984.1| contains not enough characters (1150)
ERROR: Sequence gi|1789129864|gb|MN893983.1| contains not enough characters (1158)
ERROR: Sequence gi|1789129863|gb|MN893982.1| contains not enough characters (1158)
ERROR: Sequence gi|1789129862|gb|MN893981.1| contains not enough characters (1158)
ERROR: Sequence gi|1789129861|gb|MN893980.1| contains not enough characters (1156)
ERROR: Sequence gi|1789129860|gb|MN893979.1| contains not enough characters (1158)
ERROR: Sequence gi|1789129859|gb|MN893978.1| contains not enough characters (1158)
ERROR: Sequence gi|1789129858|gb|MN893977.1| contains not enough characters (1152)
ERROR: Sequence gi|1789129857|gb|MN893976.1| contains not enough characters (1153)
ERROR: Sequence gi|1789129856|gb|MN893975.1| contains not enough characters (1153)
ERROR: Sequence gi|1789129855|gb|MN893974.1| contains not enough characters (1158)
ERROR: Sequence gi|1789129854|gb|MN893973.1| contains not enough characters (1153)
ERROR: Sequence gi|1789129853|gb|MN893972.1| contains not enough characters (1135)
ERROR: Sequence gi|1789129852|gb|MN893971.1| contains not enough characters (1153)
ERROR: Sequence gi|1789129851|gb|MN893970.1| contains not enough characters (1151)
ERROR: Sequence gi|1789129850|gb|MN893969.1| contains not enough characters (1158)
ERROR: Sequence gi|1955180898|gb|MW465306.1| contains not enough characters (1312)
ERROR: Sequence gi|1953646671|ref|NR_171489.1| contains too many characters (1542)
ERROR: Sequence gi|1952961530|dbj|LC586327.1| contains not enough characters (831)
ERROR: Sequence gi|1952961525|dbj|LC586326.1| contains not enough characters (831)
ERROR: Sequence gi|1456010859|gb|MG490168.3| contains too many characters (1542)
ERROR: Sequence gi|1028052789|gb|KU371680.1| contains not enough characters (720)
ERROR: Sequence gi|1028052785|gb|KU371676.1| contains not enough characters (720)
ERROR: Sequence gi|1028052452|gb|KU371343.1| contains not enough characters (682)
ERROR: Sequence gi|1028052385|gb|KU371276.1| contains not enough characters (734)
ERROR: Sequence gi|1028052234|gb|KU371125.1| contains not enough characters (754)
ERROR: Sequence gi|1028052225|gb|KU371116.1| contains not enough characters (804)
ERROR: Sequence gi|1028052224|gb|KU371115.1| contains not enough characters (773)
ERROR: Sequence gi|1028052221|gb|KU371112.1| contains not enough characters (770)
ERROR: Sequence gi|1028052142|gb|KU371033.1| contains not enough characters (738)
ERROR: Sequence gi|1028052122|gb|KU371013.1| contains not enough characters (722)
ERROR: Sequence gi|1028052118|gb|KU371009.1| contains not enough characters (728)
ERROR: Sequence gi|1028052066|gb|KU370957.1| contains not enough characters (760)
ERROR: Sequence gi|1028052017|gb|KU370908.1| contains not enough characters (782)
ERROR: Sequence gi|1028051705|gb|KU370596.1| contains not enough characters (700)
ERROR: Sequence gi|1028051642|gb|KU370533.1| contains not enough characters (685)
ERROR: Sequence gi|1226859599|gb|KY468792.1| contains too many characters (1528)
ERROR: Sequence gi|380844953|gb|JQ026794.1| contains not enough characters (902)
ERROR: Sequence gi|380844952|gb|JQ026793.1| contains not enough characters (903)
ERROR: Sequence gi|380844858|gb|JQ026699.1| contains not enough characters (900)
ERROR: Sequence gi|380844846|gb|JQ026687.1| contains not enough characters (895)
ERROR: Sequence gi|1581447884|gb|MK569697.1| contains too many characters (1517)
ERROR: Sequence gi|380838146|gb|JN849367.1| contains not enough characters (911)
ERROR: Sequence gi|380838142|gb|JN849363.1| contains not enough characters (921)
ERROR: Sequence gi|380838118|gb|JN849339.1| contains not enough characters (901)
ERROR: Sequence gi|380838117|gb|JN849338.1| contains not enough characters (908)
ERROR: Sequence gi|380838109|gb|JN849330.1| contains not enough characters (899)
ERROR: Sequence gi|380838055|gb|JN849276.1| contains not enough characters (905)
ERROR: Sequence gi|380838036|gb|JN849257.1| contains not enough characters (904)
ERROR: Sequence gi|1743647173|gb|MN477084.1| contains not enough characters (1429)
ERROR: Sequence gi|1909404372|ref|NR_170425.1| contains not enough characters (1489)
ERROR: Sequence gi|1906937585|gb|MW023105.1| contains not enough characters (1358)
ERROR: Sequence gi|1405457379|gb|MH493678.1| contains not enough characters (1489)
ERROR: Sequence gi|1886411125|gb|MT858149.1| contains not enough characters (1368)
ERROR: Sequence gi|1885537473|dbj|LC523982.1| contains not enough characters (809)
ERROR: Sequence gi|1885537472|dbj|LC523981.1| contains not enough characters (799)
ERROR: Sequence gi|1859896046|gb|MT645309.1| contains not enough characters (1481)
ERROR: Sequence gi|1859603987|gb|MT640289.1| contains not enough characters (1480)
ERROR: Sequence gi|389566055|gb|JF811509.1| contains not enough characters (1077)
ERROR: Sequence gi|389566033|gb|JF811487.1| contains not enough characters (891)
ERROR: Sequence gi|389566009|gb|JF811463.1| contains not enough characters (1049)
ERROR: Sequence gi|389566005|gb|JF811459.1| contains not enough characters (1063)
ERROR: Sequence gi|389566004|gb|JF811458.1| contains not enough characters (1060)
ERROR: Sequence gi|386779853|gb|JF909023.1| contains not enough characters (840)
ERROR: Sequence gi|386779832|gb|JF909002.1| contains not enough characters (836)
ERROR: Sequence gi|386779819|gb|JF908989.1| contains not enough characters (818)
ERROR: Sequence gi|1827287233|dbj|LC528171.1| contains not enough characters (1437)
ERROR: Sequence gi|1477051445|gb|MG001800.1| contains not enough characters (1080)
ERROR: Sequence gi|1795714497|emb|LR722957.1| contains not enough characters (1307)
ERROR: Sequence gi|1795714496|emb|LR722956.1| contains not enough characters (1419)
ERROR: Sequence gi|1491383902|gb|MK048516.1| contains not enough characters (1489)
ERROR: Sequence gi|1491383870|gb|MK048484.1| contains not enough characters (1489)
ERROR: Sequence gi|1782951659|dbj|AB832842.1| contains not enough characters (620)
ERROR: Sequence gi|1782943202|dbj|AB836540.1| contains not enough characters (619)
ERROR: Sequence gi|1782943201|dbj|AB836539.1| contains not enough characters (632)
ERROR: Sequence gi|1782942954|dbj|AB836290.1| contains not enough characters (638)
ERROR: Sequence gi|1782942939|dbj|AB836275.1| contains not enough characters (636)
ERROR: Sequence gi|1782942486|dbj|AB835824.1| contains not enough characters (621)
ERROR: Sequence gi|820661304|emb|LN835825.1| contains not enough characters (840)
ERROR: Sequence gi|820661264|emb|LN835785.1| contains not enough characters (813)
ERROR: Sequence gi|1584168252|gb|MK577312.1| contains not enough characters (1418)
ERROR: Sequence gi|1584168251|gb|MK577311.1| contains not enough characters (1408)
ERROR: Sequence gi|1584168250|gb|MK577310.1| contains not enough characters (1410)
ERROR: Sequence gi|1584168249|gb|MK577309.1| contains not enough characters (1437)
ERROR: Sequence gi|1584168248|gb|MK577308.1| contains not enough characters (1407)
ERROR: Sequence gi|1584168247|gb|MK577307.1| contains not enough characters (1407)
ERROR: Sequence gi|1584168246|gb|MK577306.1| contains not enough characters (1437)
ERROR: Sequence gi|1584168245|gb|MK577305.1| contains not enough characters (1408)
ERROR: Sequence gi|1584168244|gb|MK577304.1| contains not enough characters (1402)
ERROR: Sequence gi|1584168243|gb|MK577303.1| contains not enough characters (1408)
ERROR: Sequence gi|1776910718|gb|MN708151.1| contains not enough characters (1488)
ERROR: Sequence gi|1776910717|gb|MN708150.1| contains not enough characters (718)
ERROR: Sequence gi|1776910700|gb|MN708133.1| contains not enough characters (1487)
ERROR: Sequence gi|1776910699|gb|MN708132.1| contains not enough characters (1487)
ERROR: Sequence gi|1776910698|gb|MN708131.1| contains not enough characters (1487)
ERROR: Sequence gi|1776910689|gb|MN708122.1| contains not enough characters (1485)
ERROR: Sequence gi|1776910645|gb|MN708078.1| contains not enough characters (1482)
ERROR: Sequence gi|1774753420|gb|MN685323.1| contains not enough characters (1449)
ERROR: Sequence gi|1585509891|gb|MK589050.1| contains not enough characters (1465)
ERROR: Sequence gi|1585509833|gb|MK588992.1| contains not enough characters (1464)
ERROR: Sequence gi|1585509827|gb|MK588986.1| contains not enough characters (1505)
ERROR: Sequence gi|1735092585|gb|MN412654.1| contains not enough characters (1511)
ERROR: Sequence gi|1707219994|gb|MN197844.1| contains not enough characters (1384)
ERROR: Sequence gi|1700657399|dbj|LC462750.1| contains not enough characters (1438)
ERROR: Sequence gi|1700657380|dbj|LC462731.1| contains not enough characters (1449)
ERROR: Sequence gi|1685831938|gb|MN072636.1| contains not enough characters (1387)
ERROR: Sequence gi|1679775927|ref|NR_163649.1| contains not enough characters (1456)
ERROR: Sequence gi|823328083|gb|KR108285.1| contains not enough characters (1456)
ERROR: Sequence gi|356874276|dbj|AB636073.1| contains not enough characters (719)
ERROR: Sequence gi|356874156|dbj|AB635953.1| contains not enough characters (671)
ERROR: Sequence gi|1445136077|ref|NR_158117.1| contains not enough characters (1427)
ERROR: Sequence gi|1441204259|ref|NR_157674.1| contains not enough characters (1465)
ERROR: Sequence gi|1384992381|ref|NR_156157.1| contains not enough characters (1482)
ERROR: Sequence gi|1315204026|ref|NR_152695.1| contains not enough characters (1438)
ERROR: Sequence gi|1277396196|ref|NR_151907.1| contains too many characters (1552)
ERROR: Sequence gi|1277396195|ref|NR_151906.1| contains too many characters (1552)
ERROR: Sequence gi|1270533030|ref|NR_126315.2| contains too many characters (1531)
ERROR: Sequence gi|1270533029|ref|NR_126313.2| contains too many characters (1531)
ERROR: Sequence gi|974142236|ref|NR_134756.1| contains not enough characters (1410)
ERROR: Sequence gi|959495030|ref|NR_133878.1| contains not enough characters (1418)
ERROR: Sequence gi|939733314|ref|NR_133041.1| contains not enough characters (1454)
ERROR: Sequence gi|699005445|ref|NR_126314.1| contains too many characters (1546)
ERROR: Sequence gi|631251951|ref|NR_113149.1| contains not enough characters (1469)
ERROR: Sequence gi|631251950|ref|NR_113148.1| contains not enough characters (1457)
ERROR: Sequence gi|631251851|ref|NR_113049.1| contains not enough characters (1453)
ERROR: Sequence gi|343200938|ref|NR_041625.1| contains not enough characters (1478)
ERROR: Sequence gi|343200937|ref|NR_041624.1| contains not enough characters (1481)
ERROR: Sequence gi|343200936|ref|NR_041623.1| contains not enough characters (1473)
ERROR: Sequence gi|343200934|ref|NR_041621.1| contains not enough characters (1458)
ERROR: Sequence gi|1397641735|ref|NR_156844.1| contains not enough characters (1471)
ERROR: Sequence gi|1171002964|ref|NR_146349.1| contains too many characters (1558)
ERROR: Sequence gi|566085532|ref|NR_109603.1| contains not enough characters (1393)
ERROR: Sequence gi|566085449|ref|NR_109500.1| contains not enough characters (1444)
ERROR: Sequence gi|566085392|ref|NR_109435.1| contains not enough characters (1467)
ERROR: Sequence gi|566084862|ref|NR_108295.1| contains not enough characters (1395)
ERROR: Sequence gi|343198864|ref|NR_043906.1| contains not enough characters (1480)
ERROR: Sequence gi|343200933|ref|NR_041620.1| contains not enough characters (1480)
ERROR: Sequence gi|343200809|ref|NR_041496.1| contains not enough characters (1457)
ERROR: Sequence gi|265678585|ref|NR_028890.1| contains not enough characters (1480)
ERROR: Sequence gi|1584414815|gb|MK578203.1| contains not enough characters (1434)
ERROR: Sequence gi|798974124|gb|KP418767.1| contains not enough characters (622)
ERROR: Sequence gi|798974123|gb|KP418766.1| contains not enough characters (622)
ERROR: Sequence gi|798974122|gb|KP418765.1| contains not enough characters (622)
ERROR: Sequence gi|798974121|gb|KP418764.1| contains not enough characters (622)
ERROR: Sequence gi|798974120|gb|KP418763.1| contains not enough characters (622)
ERROR: Sequence gi|798974119|gb|KP418762.1| contains not enough characters (622)
ERROR: Sequence gi|798974117|gb|KP418760.1| contains not enough characters (622)
ERROR: Sequence gi|798974116|gb|KP418759.1| contains not enough characters (622)
ERROR: Sequence gi|798974115|gb|KP418758.1| contains not enough characters (622)
ERROR: Sequence gi|798974114|gb|KP418757.1| contains not enough characters (622)
ERROR: Sequence gi|798974113|gb|KP418756.1| contains not enough characters (622)
ERROR: Sequence gi|798974112|gb|KP418755.1| contains not enough characters (622)
ERROR: Sequence gi|798974111|gb|KP418754.1| contains not enough characters (622)
ERROR: Sequence gi|798974110|gb|KP418753.1| contains not enough characters (622)
ERROR: Sequence gi|798974109|gb|KP418752.1| contains not enough characters (622)
ERROR: Sequence gi|798974108|gb|KP418751.1| contains not enough characters (622)
ERROR: Sequence gi|798974107|gb|KP418750.1| contains not enough characters (622)
ERROR: Sequence gi|798974106|gb|KP418749.1| contains not enough characters (622)
ERROR: Sequence gi|798974105|gb|KP418748.1| contains not enough characters (622)
ERROR: Sequence gi|798974104|gb|KP418747.1| contains not enough characters (622)
ERROR: Sequence gi|798974103|gb|KP418746.1| contains not enough characters (622)
ERROR: Sequence gi|798974102|gb|KP418745.1| contains not enough characters (621)
ERROR: Sequence gi|798974101|gb|KP418744.1| contains not enough characters (622)
ERROR: Sequence gi|798974100|gb|KP418743.1| contains not enough characters (622)
ERROR: Sequence gi|798974099|gb|KP418742.1| contains not enough characters (622)
ERROR: Sequence gi|798974098|gb|KP418741.1| contains not enough characters (622)
ERROR: Sequence gi|798974097|gb|KP418740.1| contains not enough characters (622)
ERROR: Sequence gi|798974096|gb|KP418739.1| contains not enough characters (622)
ERROR: Sequence gi|798974095|gb|KP418738.1| contains not enough characters (139)
ERROR: 
